[2024-03-09T21:25:25.567+0000] {taskinstance.py:1956} INFO - Dependencies all met for dep_context=non-requeueable deps ti=<TaskInstance: task2dag.data_processing_pipe manual__2024-03-09T21:24:59.621931+00:00 [queued]>
[2024-03-09T21:25:25.575+0000] {taskinstance.py:1956} INFO - Dependencies all met for dep_context=requeueable deps ti=<TaskInstance: task2dag.data_processing_pipe manual__2024-03-09T21:24:59.621931+00:00 [queued]>
[2024-03-09T21:25:25.575+0000] {taskinstance.py:2170} INFO - Starting attempt 1 of 2
[2024-03-09T21:25:25.588+0000] {taskinstance.py:2191} INFO - Executing <Task(PythonOperator): data_processing_pipe> on 2024-03-09 21:24:59.621931+00:00
[2024-03-09T21:25:25.602+0000] {standard_task_runner.py:60} INFO - Started process 762 to run task
[2024-03-09T21:25:25.615+0000] {standard_task_runner.py:87} INFO - Running: ['***', 'tasks', 'run', 'task2dag', 'data_processing_pipe', 'manual__2024-03-09T21:24:59.621931+00:00', '--job-id', '816', '--raw', '--subdir', 'DAGS_FOLDER/task2dag.py', '--cfg-path', '/tmp/tmp98jqh606']
[2024-03-09T21:25:25.619+0000] {standard_task_runner.py:88} INFO - Job 816: Subtask data_processing_pipe
[2024-03-09T21:25:25.738+0000] {task_command.py:423} INFO - Running <TaskInstance: task2dag.data_processing_pipe manual__2024-03-09T21:24:59.621931+00:00 [running]> on host 9268fe474086
[2024-03-09T21:25:25.861+0000] {taskinstance.py:2480} INFO - Exporting env vars: AIRFLOW_CTX_DAG_OWNER='***' AIRFLOW_CTX_DAG_ID='task2dag' AIRFLOW_CTX_TASK_ID='data_processing_pipe' AIRFLOW_CTX_EXECUTION_DATE='2024-03-09T21:24:59.621931+00:00' AIRFLOW_CTX_TRY_NUMBER='1' AIRFLOW_CTX_DAG_RUN_ID='manual__2024-03-09T21:24:59.621931+00:00'
[2024-03-09T21:25:25.868+0000] {pipeline.py:196} INFO - Missing pipeline option (runner). Executing pipeline using the default runner: DirectRunner.
[2024-03-09T21:25:26.369+0000] {translations.py:712} INFO - ==================== <function annotate_downstream_side_inputs at 0x7fc3956d7c10> ====================
[2024-03-09T21:25:26.371+0000] {translations.py:712} INFO - ==================== <function fix_side_input_pcoll_coders at 0x7fc3956d7d30> ====================
[2024-03-09T21:25:26.372+0000] {translations.py:712} INFO - ==================== <function pack_combiners at 0x7fc3956d9280> ====================
[2024-03-09T21:25:26.373+0000] {translations.py:712} INFO - ==================== <function lift_combiners at 0x7fc3956d9310> ====================
[2024-03-09T21:25:26.374+0000] {translations.py:712} INFO - ==================== <function expand_sdf at 0x7fc3956d94c0> ====================
[2024-03-09T21:25:26.374+0000] {translations.py:712} INFO - ==================== <function expand_gbk at 0x7fc3956d9550> ====================
[2024-03-09T21:25:26.375+0000] {translations.py:712} INFO - ==================== <function sink_flattens at 0x7fc3956d9670> ====================
[2024-03-09T21:25:26.375+0000] {translations.py:712} INFO - ==================== <function greedily_fuse at 0x7fc3956d9700> ====================
[2024-03-09T21:25:26.378+0000] {translations.py:712} INFO - ==================== <function read_to_impulse at 0x7fc3956d9790> ====================
[2024-03-09T21:25:26.378+0000] {translations.py:712} INFO - ==================== <function impulse_to_input at 0x7fc3956d9820> ====================
[2024-03-09T21:25:26.379+0000] {translations.py:712} INFO - ==================== <function sort_stages at 0x7fc3956d9a60> ====================
[2024-03-09T21:25:26.380+0000] {translations.py:712} INFO - ==================== <function add_impulse_to_dangling_transforms at 0x7fc3956d9b80> ====================
[2024-03-09T21:25:26.380+0000] {translations.py:712} INFO - ==================== <function setup_timer_mapping at 0x7fc3956d99d0> ====================
[2024-03-09T21:25:26.381+0000] {translations.py:712} INFO - ==================== <function populate_data_channel_coders at 0x7fc3956d9af0> ====================
[2024-03-09T21:25:26.384+0000] {statecache.py:234} INFO - Creating state cache with size 104857600
[2024-03-09T21:25:26.385+0000] {worker_handlers.py:922} INFO - Created Worker handler <apache_beam.runners.portability.fn_api_runner.worker_handlers.EmbeddedWorkerHandler object at 0x7fc3955c7fd0> for environment ref_Environment_default_environment_1 (beam:env:embedded_python:v1, b'')
[2024-03-09T21:25:26.556+0000] {filebasedsink.py:230} WARNING - Deleting 1 existing files in target path matching: 
[2024-03-09T21:25:26.598+0000] {filebasedsink.py:310} INFO - Starting finalize_write threads with num_shards: 1 (skipped: 0), batches: 1, num_threads: 1
[2024-03-09T21:25:26.611+0000] {filebasedsink.py:357} INFO - Renamed 1 shards in 0.01 seconds.
[2024-03-09T21:25:26.623+0000] {python.py:201} INFO - Done. Returned value was: None
[2024-03-09T21:25:26.634+0000] {taskinstance.py:1138} INFO - Marking task as SUCCESS. dag_id=task2dag, task_id=data_processing_pipe, execution_date=20240309T212459, start_date=20240309T212525, end_date=20240309T212526
[2024-03-09T21:25:26.669+0000] {local_task_job_runner.py:234} INFO - Task exited with return code 0
[2024-03-09T21:25:26.700+0000] {taskinstance.py:3280} INFO - 1 downstream tasks scheduled from follow-on schedule check
