[2024-03-01T20:31:30.740+0000] {taskinstance.py:1956} INFO - Dependencies all met for dep_context=non-requeueable deps ti=<TaskInstance: with_bash.first_task scheduled__2024-02-05T00:00:00+00:00 [queued]>
[2024-03-01T20:31:30.755+0000] {taskinstance.py:1956} INFO - Dependencies all met for dep_context=requeueable deps ti=<TaskInstance: with_bash.first_task scheduled__2024-02-05T00:00:00+00:00 [queued]>
[2024-03-01T20:31:30.756+0000] {taskinstance.py:2170} INFO - Starting attempt 5 of 6
[2024-03-01T20:31:30.777+0000] {taskinstance.py:2191} INFO - Executing <Task(BashOperator): first_task> on 2024-02-05 00:00:00+00:00
[2024-03-01T20:31:30.788+0000] {standard_task_runner.py:60} INFO - Started process 575 to run task
[2024-03-01T20:31:30.792+0000] {standard_task_runner.py:87} INFO - Running: ['***', 'tasks', 'run', 'with_bash', 'first_task', 'scheduled__2024-02-05T00:00:00+00:00', '--job-id', '87', '--raw', '--subdir', 'DAGS_FOLDER/with_bash.py', '--cfg-path', '/tmp/tmp8e09ol57']
[2024-03-01T20:31:30.799+0000] {standard_task_runner.py:88} INFO - Job 87: Subtask first_task
[2024-03-01T20:31:30.874+0000] {task_command.py:423} INFO - Running <TaskInstance: with_bash.first_task scheduled__2024-02-05T00:00:00+00:00 [running]> on host 3ae7012c7157
[2024-03-01T20:31:30.997+0000] {taskinstance.py:2480} INFO - Exporting env vars: AIRFLOW_CTX_DAG_OWNER='***' AIRFLOW_CTX_DAG_ID='with_bash' AIRFLOW_CTX_TASK_ID='first_task' AIRFLOW_CTX_EXECUTION_DATE='2024-02-05T00:00:00+00:00' AIRFLOW_CTX_TRY_NUMBER='5' AIRFLOW_CTX_DAG_RUN_ID='scheduled__2024-02-05T00:00:00+00:00'
[2024-03-01T20:31:31.005+0000] {subprocess.py:63} INFO - Tmp dir root location: /tmp
[2024-03-01T20:31:31.010+0000] {subprocess.py:75} INFO - Running command: ['/usr/bin/bash', '-c', 'Hello World']
[2024-03-01T20:31:31.070+0000] {subprocess.py:86} INFO - Output:
[2024-03-01T20:31:31.075+0000] {subprocess.py:93} INFO - /usr/bin/bash: line 1: Hello: command not found
[2024-03-01T20:31:31.107+0000] {subprocess.py:97} INFO - Command exited with return code 127
[2024-03-01T20:31:31.142+0000] {taskinstance.py:2698} ERROR - Task failed with exception
Traceback (most recent call last):
  File "/home/airflow/.local/lib/python3.8/site-packages/airflow/models/taskinstance.py", line 433, in _execute_task
    result = execute_callable(context=context, **execute_callable_kwargs)
  File "/home/airflow/.local/lib/python3.8/site-packages/airflow/operators/bash.py", line 212, in execute
    raise AirflowException(
airflow.exceptions.AirflowException: Bash command failed. The command returned a non-zero exit code 127.
[2024-03-01T20:31:31.158+0000] {taskinstance.py:1138} INFO - Marking task as UP_FOR_RETRY. dag_id=with_bash, task_id=first_task, execution_date=20240205T000000, start_date=20240301T203130, end_date=20240301T203131
[2024-03-01T20:31:31.232+0000] {standard_task_runner.py:107} ERROR - Failed to execute job 87 for task first_task (Bash command failed. The command returned a non-zero exit code 127.; 575)
[2024-03-01T20:31:31.343+0000] {local_task_job_runner.py:234} INFO - Task exited with return code 1
[2024-03-01T20:31:31.497+0000] {taskinstance.py:3280} INFO - 0 downstream tasks scheduled from follow-on schedule check
