[2024-03-09T21:04:29.637+0000] {taskinstance.py:1956} INFO - Dependencies all met for dep_context=non-requeueable deps ti=<TaskInstance: task2dag.data_visualization_pipeline manual__2024-03-09T21:03:54.991347+00:00 [queued]>
[2024-03-09T21:04:29.648+0000] {taskinstance.py:1956} INFO - Dependencies all met for dep_context=requeueable deps ti=<TaskInstance: task2dag.data_visualization_pipeline manual__2024-03-09T21:03:54.991347+00:00 [queued]>
[2024-03-09T21:04:29.649+0000] {taskinstance.py:2170} INFO - Starting attempt 1 of 2
[2024-03-09T21:04:29.664+0000] {taskinstance.py:2191} INFO - Executing <Task(PythonOperator): data_visualization_pipeline> on 2024-03-09 21:03:54.991347+00:00
[2024-03-09T21:04:29.676+0000] {standard_task_runner.py:60} INFO - Started process 355 to run task
[2024-03-09T21:04:29.680+0000] {standard_task_runner.py:87} INFO - Running: ['***', 'tasks', 'run', 'task2dag', 'data_visualization_pipeline', 'manual__2024-03-09T21:03:54.991347+00:00', '--job-id', '797', '--raw', '--subdir', 'DAGS_FOLDER/task2dag.py', '--cfg-path', '/tmp/tmpzeve2z0f']
[2024-03-09T21:04:29.681+0000] {standard_task_runner.py:88} INFO - Job 797: Subtask data_visualization_pipeline
[2024-03-09T21:04:29.725+0000] {task_command.py:423} INFO - Running <TaskInstance: task2dag.data_visualization_pipeline manual__2024-03-09T21:03:54.991347+00:00 [running]> on host 9268fe474086
[2024-03-09T21:04:29.814+0000] {taskinstance.py:2480} INFO - Exporting env vars: AIRFLOW_CTX_DAG_OWNER='***' AIRFLOW_CTX_DAG_ID='task2dag' AIRFLOW_CTX_TASK_ID='data_visualization_pipeline' AIRFLOW_CTX_EXECUTION_DATE='2024-03-09T21:03:54.991347+00:00' AIRFLOW_CTX_TRY_NUMBER='1' AIRFLOW_CTX_DAG_RUN_ID='manual__2024-03-09T21:03:54.991347+00:00'
[2024-03-09T21:04:29.837+0000] {taskinstance.py:2698} ERROR - Task failed with exception
Traceback (most recent call last):
  File "/home/airflow/.local/lib/python3.8/site-packages/airflow/models/taskinstance.py", line 433, in _execute_task
    result = execute_callable(context=context, **execute_callable_kwargs)
  File "/home/airflow/.local/lib/python3.8/site-packages/airflow/operators/python.py", line 199, in execute
    return_value = self.execute_callable()
  File "/home/airflow/.local/lib/python3.8/site-packages/airflow/operators/python.py", line 216, in execute_callable
    return self.python_callable(*self.op_args, **self.op_kwargs)
  File "/opt/airflow/dags/task2dag.py", line 184, in visualisation_pipeline
    make_plots_by_field(GDF, fields)
  File "/opt/airflow/dags/task2dag.py", line 153, in make_plots_by_field
    grouped_data=gdf.group_by(['LATITUDE', 'LONGITUDE', 'MONTH', 'YEAR'])[field].mean().reset_index()
  File "/home/airflow/.local/lib/python3.8/site-packages/pandas/core/generic.py", line 5989, in __getattr__
    return object.__getattribute__(self, name)
AttributeError: 'GeoDataFrame' object has no attribute 'group_by'
[2024-03-09T21:04:29.851+0000] {taskinstance.py:1138} INFO - Marking task as UP_FOR_RETRY. dag_id=task2dag, task_id=data_visualization_pipeline, execution_date=20240309T210354, start_date=20240309T210429, end_date=20240309T210429
[2024-03-09T21:04:29.865+0000] {standard_task_runner.py:107} ERROR - Failed to execute job 797 for task data_visualization_pipeline ('GeoDataFrame' object has no attribute 'group_by'; 355)
[2024-03-09T21:04:29.892+0000] {local_task_job_runner.py:234} INFO - Task exited with return code 1
[2024-03-09T21:04:29.917+0000] {taskinstance.py:3280} INFO - 0 downstream tasks scheduled from follow-on schedule check
