[2024-03-10T12:15:20.701+0000] {taskinstance.py:1956} INFO - Dependencies all met for dep_context=non-requeueable deps ti=<TaskInstance: task2dag.data_processing_pipe manual__2024-03-10T12:14:32.846289+00:00 [queued]>
[2024-03-10T12:15:20.718+0000] {taskinstance.py:1956} INFO - Dependencies all met for dep_context=requeueable deps ti=<TaskInstance: task2dag.data_processing_pipe manual__2024-03-10T12:14:32.846289+00:00 [queued]>
[2024-03-10T12:15:20.719+0000] {taskinstance.py:2170} INFO - Starting attempt 1 of 2
[2024-03-10T12:15:20.749+0000] {taskinstance.py:2191} INFO - Executing <Task(PythonOperator): data_processing_pipe> on 2024-03-10 12:14:32.846289+00:00
[2024-03-10T12:15:20.764+0000] {standard_task_runner.py:60} INFO - Started process 3581 to run task
[2024-03-10T12:15:20.770+0000] {standard_task_runner.py:87} INFO - Running: ['***', 'tasks', 'run', 'task2dag', 'data_processing_pipe', 'manual__2024-03-10T12:14:32.846289+00:00', '--job-id', '879', '--raw', '--subdir', 'DAGS_FOLDER/task2dag.py', '--cfg-path', '/tmp/tmp7qp15g63']
[2024-03-10T12:15:20.772+0000] {standard_task_runner.py:88} INFO - Job 879: Subtask data_processing_pipe
[2024-03-10T12:15:20.850+0000] {task_command.py:423} INFO - Running <TaskInstance: task2dag.data_processing_pipe manual__2024-03-10T12:14:32.846289+00:00 [running]> on host 9268fe474086
[2024-03-10T12:15:21.004+0000] {taskinstance.py:2480} INFO - Exporting env vars: AIRFLOW_CTX_DAG_OWNER='***' AIRFLOW_CTX_DAG_ID='task2dag' AIRFLOW_CTX_TASK_ID='data_processing_pipe' AIRFLOW_CTX_EXECUTION_DATE='2024-03-10T12:14:32.846289+00:00' AIRFLOW_CTX_TRY_NUMBER='1' AIRFLOW_CTX_DAG_RUN_ID='manual__2024-03-10T12:14:32.846289+00:00'
[2024-03-10T12:15:21.017+0000] {pipeline.py:196} INFO - Missing pipeline option (runner). Executing pipeline using the default runner: DirectRunner.
[2024-03-10T12:15:21.866+0000] {translations.py:712} INFO - ==================== <function annotate_downstream_side_inputs at 0x7fc39572c550> ====================
[2024-03-10T12:15:21.868+0000] {translations.py:712} INFO - ==================== <function fix_side_input_pcoll_coders at 0x7fc39572c670> ====================
[2024-03-10T12:15:21.869+0000] {translations.py:712} INFO - ==================== <function pack_combiners at 0x7fc39572cb80> ====================
[2024-03-10T12:15:21.871+0000] {translations.py:712} INFO - ==================== <function lift_combiners at 0x7fc39572cc10> ====================
[2024-03-10T12:15:21.872+0000] {translations.py:712} INFO - ==================== <function expand_sdf at 0x7fc39572cdc0> ====================
[2024-03-10T12:15:21.873+0000] {translations.py:712} INFO - ==================== <function expand_gbk at 0x7fc39572ce50> ====================
[2024-03-10T12:15:21.875+0000] {translations.py:712} INFO - ==================== <function sink_flattens at 0x7fc39572cf70> ====================
[2024-03-10T12:15:21.876+0000] {translations.py:712} INFO - ==================== <function greedily_fuse at 0x7fc39572b040> ====================
[2024-03-10T12:15:21.879+0000] {translations.py:712} INFO - ==================== <function read_to_impulse at 0x7fc39572b0d0> ====================
[2024-03-10T12:15:21.879+0000] {translations.py:712} INFO - ==================== <function impulse_to_input at 0x7fc39572b160> ====================
[2024-03-10T12:15:21.880+0000] {translations.py:712} INFO - ==================== <function sort_stages at 0x7fc39572b3a0> ====================
[2024-03-10T12:15:21.881+0000] {translations.py:712} INFO - ==================== <function add_impulse_to_dangling_transforms at 0x7fc39572b4c0> ====================
[2024-03-10T12:15:21.882+0000] {translations.py:712} INFO - ==================== <function setup_timer_mapping at 0x7fc39572b310> ====================
[2024-03-10T12:15:21.883+0000] {translations.py:712} INFO - ==================== <function populate_data_channel_coders at 0x7fc39572b430> ====================
[2024-03-10T12:15:21.890+0000] {statecache.py:234} INFO - Creating state cache with size 104857600
[2024-03-10T12:15:21.891+0000] {worker_handlers.py:922} INFO - Created Worker handler <apache_beam.runners.portability.fn_api_runner.worker_handlers.EmbeddedWorkerHandler object at 0x7fc395abef40> for environment ref_Environment_default_environment_1 (beam:env:embedded_python:v1, b'')
[2024-03-10T12:16:41.709+0000] {filebasedsink.py:230} WARNING - Deleting 1 existing files in target path matching: 
[2024-03-10T12:16:41.768+0000] {filebasedsink.py:310} INFO - Starting finalize_write threads with num_shards: 1 (skipped: 0), batches: 1, num_threads: 1
[2024-03-10T12:16:41.794+0000] {filebasedsink.py:357} INFO - Renamed 1 shards in 0.02 seconds.
[2024-03-10T12:16:41.814+0000] {python.py:201} INFO - Done. Returned value was: None
[2024-03-10T12:16:41.830+0000] {taskinstance.py:1138} INFO - Marking task as SUCCESS. dag_id=task2dag, task_id=data_processing_pipe, execution_date=20240310T121432, start_date=20240310T121520, end_date=20240310T121641
[2024-03-10T12:16:41.897+0000] {local_task_job_runner.py:234} INFO - Task exited with return code 0
[2024-03-10T12:16:41.945+0000] {taskinstance.py:3280} INFO - 1 downstream tasks scheduled from follow-on schedule check
