[2024-03-04T05:02:04.624+0000] {taskinstance.py:1956} INFO - Dependencies all met for dep_context=non-requeueable deps ti=<TaskInstance: task1dag.archive_data scheduled__2024-03-03T00:00:00+00:00 [queued]>
[2024-03-04T05:02:04.631+0000] {taskinstance.py:1956} INFO - Dependencies all met for dep_context=requeueable deps ti=<TaskInstance: task1dag.archive_data scheduled__2024-03-03T00:00:00+00:00 [queued]>
[2024-03-04T05:02:04.632+0000] {taskinstance.py:2170} INFO - Starting attempt 2 of 2
[2024-03-04T05:02:04.645+0000] {taskinstance.py:2191} INFO - Executing <Task(PythonOperator): archive_data> on 2024-03-03 00:00:00+00:00
[2024-03-04T05:02:04.652+0000] {standard_task_runner.py:60} INFO - Started process 6469 to run task
[2024-03-04T05:02:04.655+0000] {standard_task_runner.py:87} INFO - Running: ['***', 'tasks', 'run', 'task1dag', 'archive_data', 'scheduled__2024-03-03T00:00:00+00:00', '--job-id', '412', '--raw', '--subdir', 'DAGS_FOLDER/task1dag.py', '--cfg-path', '/tmp/tmpsc1ddas4']
[2024-03-04T05:02:04.657+0000] {standard_task_runner.py:88} INFO - Job 412: Subtask archive_data
[2024-03-04T05:02:04.699+0000] {task_command.py:423} INFO - Running <TaskInstance: task1dag.archive_data scheduled__2024-03-03T00:00:00+00:00 [running]> on host dde2eb23f30a
[2024-03-04T05:02:04.787+0000] {taskinstance.py:2480} INFO - Exporting env vars: AIRFLOW_CTX_DAG_OWNER='***' AIRFLOW_CTX_DAG_ID='task1dag' AIRFLOW_CTX_TASK_ID='archive_data' AIRFLOW_CTX_EXECUTION_DATE='2024-03-03T00:00:00+00:00' AIRFLOW_CTX_TRY_NUMBER='2' AIRFLOW_CTX_DAG_RUN_ID='scheduled__2024-03-03T00:00:00+00:00'
[2024-03-04T05:02:04.792+0000] {taskinstance.py:2698} ERROR - Task failed with exception
Traceback (most recent call last):
  File "/home/airflow/.local/lib/python3.8/site-packages/airflow/models/taskinstance.py", line 433, in _execute_task
    result = execute_callable(context=context, **execute_callable_kwargs)
  File "/home/airflow/.local/lib/python3.8/site-packages/airflow/operators/python.py", line 199, in execute
    return_value = self.execute_callable()
  File "/home/airflow/.local/lib/python3.8/site-packages/airflow/operators/python.py", line 216, in execute_callable
    return self.python_callable(*self.op_args, **self.op_kwargs)
  File "/opt/airflow/dags/task1dag.py", line 39, in zip_directory
    with zipfile.ZipFile(zip_filename, 'w') as zipf:
  File "/usr/local/lib/python3.8/zipfile.py", line 1251, in __init__
    self.fp = io.open(file, filemode)
FileNotFoundError: [Errno 2] No such file or directory: 'opt/airflow/output/data.zip'
[2024-03-04T05:02:04.807+0000] {taskinstance.py:1138} INFO - Marking task as FAILED. dag_id=task1dag, task_id=archive_data, execution_date=20240303T000000, start_date=20240304T050204, end_date=20240304T050204
[2024-03-04T05:02:04.824+0000] {standard_task_runner.py:107} ERROR - Failed to execute job 412 for task archive_data ([Errno 2] No such file or directory: 'opt/airflow/output/data.zip'; 6469)
[2024-03-04T05:02:04.868+0000] {local_task_job_runner.py:234} INFO - Task exited with return code 1
[2024-03-04T05:02:04.885+0000] {taskinstance.py:3280} INFO - 0 downstream tasks scheduled from follow-on schedule check
