[2024-03-09T16:18:06.471+0000] {taskinstance.py:1956} INFO - Dependencies all met for dep_context=non-requeueable deps ti=<TaskInstance: task1dag.archive_data scheduled__2024-03-08T00:00:00+00:00 [queued]>
[2024-03-09T16:18:06.491+0000] {taskinstance.py:1956} INFO - Dependencies all met for dep_context=requeueable deps ti=<TaskInstance: task1dag.archive_data scheduled__2024-03-08T00:00:00+00:00 [queued]>
[2024-03-09T16:18:06.492+0000] {taskinstance.py:2170} INFO - Starting attempt 1 of 2
[2024-03-09T16:18:06.525+0000] {taskinstance.py:2191} INFO - Executing <Task(PythonOperator): archive_data> on 2024-03-08 00:00:00+00:00
[2024-03-09T16:18:06.539+0000] {standard_task_runner.py:60} INFO - Started process 898 to run task
[2024-03-09T16:18:06.546+0000] {standard_task_runner.py:87} INFO - Running: ['***', 'tasks', 'run', 'task1dag', 'archive_data', 'scheduled__2024-03-08T00:00:00+00:00', '--job-id', '460', '--raw', '--subdir', 'DAGS_FOLDER/task1dag.py', '--cfg-path', '/tmp/tmp4lxv89do']
[2024-03-09T16:18:06.551+0000] {standard_task_runner.py:88} INFO - Job 460: Subtask archive_data
[2024-03-09T16:18:06.654+0000] {task_command.py:423} INFO - Running <TaskInstance: task1dag.archive_data scheduled__2024-03-08T00:00:00+00:00 [running]> on host 9ce19ff1a6f4
[2024-03-09T16:18:06.798+0000] {taskinstance.py:2480} INFO - Exporting env vars: AIRFLOW_CTX_DAG_OWNER='***' AIRFLOW_CTX_DAG_ID='task1dag' AIRFLOW_CTX_TASK_ID='archive_data' AIRFLOW_CTX_EXECUTION_DATE='2024-03-08T00:00:00+00:00' AIRFLOW_CTX_TRY_NUMBER='1' AIRFLOW_CTX_DAG_RUN_ID='scheduled__2024-03-08T00:00:00+00:00'
[2024-03-09T16:18:06.804+0000] {taskinstance.py:2698} ERROR - Task failed with exception
Traceback (most recent call last):
  File "/home/airflow/.local/lib/python3.8/site-packages/airflow/models/taskinstance.py", line 433, in _execute_task
    result = execute_callable(context=context, **execute_callable_kwargs)
  File "/home/airflow/.local/lib/python3.8/site-packages/airflow/operators/python.py", line 199, in execute
    return_value = self.execute_callable()
  File "/home/airflow/.local/lib/python3.8/site-packages/airflow/operators/python.py", line 216, in execute_callable
    return self.python_callable(*self.op_args, **self.op_kwargs)
  File "/opt/airflow/dags/task1dag.py", line 39, in zip_directory
    with zipfile.ZipFile(zip_filename, 'w', zipfile.ZIP_DEFLATED) as zipf:
  File "/usr/local/lib/python3.8/zipfile.py", line 1251, in __init__
    self.fp = io.open(file, filemode)
FileNotFoundError: [Errno 2] No such file or directory: 'opt/airflow/output/data.zip'
[2024-03-09T16:18:06.823+0000] {taskinstance.py:1138} INFO - Marking task as UP_FOR_RETRY. dag_id=task1dag, task_id=archive_data, execution_date=20240308T000000, start_date=20240309T161806, end_date=20240309T161806
[2024-03-09T16:18:06.844+0000] {standard_task_runner.py:107} ERROR - Failed to execute job 460 for task archive_data ([Errno 2] No such file or directory: 'opt/airflow/output/data.zip'; 898)
[2024-03-09T16:18:06.878+0000] {local_task_job_runner.py:234} INFO - Task exited with return code 1
[2024-03-09T16:18:06.909+0000] {taskinstance.py:3280} INFO - 0 downstream tasks scheduled from follow-on schedule check
[2024-03-09T17:31:55.584+0000] {taskinstance.py:1956} INFO - Dependencies all met for dep_context=non-requeueable deps ti=<TaskInstance: task1dag.archive_data scheduled__2024-03-08T00:00:00+00:00 [queued]>
[2024-03-09T17:31:55.591+0000] {taskinstance.py:1956} INFO - Dependencies all met for dep_context=requeueable deps ti=<TaskInstance: task1dag.archive_data scheduled__2024-03-08T00:00:00+00:00 [queued]>
[2024-03-09T17:31:55.591+0000] {taskinstance.py:2170} INFO - Starting attempt 1 of 2
[2024-03-09T17:31:55.603+0000] {taskinstance.py:2191} INFO - Executing <Task(PythonOperator): archive_data> on 2024-03-08 00:00:00+00:00
[2024-03-09T17:31:55.610+0000] {standard_task_runner.py:60} INFO - Started process 1973 to run task
[2024-03-09T17:31:55.613+0000] {standard_task_runner.py:87} INFO - Running: ['***', 'tasks', 'run', 'task1dag', 'archive_data', 'scheduled__2024-03-08T00:00:00+00:00', '--job-id', '467', '--raw', '--subdir', 'DAGS_FOLDER/task1dag.py', '--cfg-path', '/tmp/tmpt6bebzpk']
[2024-03-09T17:31:55.616+0000] {standard_task_runner.py:88} INFO - Job 467: Subtask archive_data
[2024-03-09T17:31:55.659+0000] {task_command.py:423} INFO - Running <TaskInstance: task1dag.archive_data scheduled__2024-03-08T00:00:00+00:00 [running]> on host 9ce19ff1a6f4
[2024-03-09T17:31:55.727+0000] {taskinstance.py:2480} INFO - Exporting env vars: AIRFLOW_CTX_DAG_OWNER='***' AIRFLOW_CTX_DAG_ID='task1dag' AIRFLOW_CTX_TASK_ID='archive_data' AIRFLOW_CTX_EXECUTION_DATE='2024-03-08T00:00:00+00:00' AIRFLOW_CTX_TRY_NUMBER='1' AIRFLOW_CTX_DAG_RUN_ID='scheduled__2024-03-08T00:00:00+00:00'
[2024-03-09T17:31:55.730+0000] {taskinstance.py:2698} ERROR - Task failed with exception
Traceback (most recent call last):
  File "/home/airflow/.local/lib/python3.8/site-packages/airflow/models/taskinstance.py", line 433, in _execute_task
    result = execute_callable(context=context, **execute_callable_kwargs)
  File "/home/airflow/.local/lib/python3.8/site-packages/airflow/operators/python.py", line 199, in execute
    return_value = self.execute_callable()
  File "/home/airflow/.local/lib/python3.8/site-packages/airflow/operators/python.py", line 216, in execute_callable
    return self.python_callable(*self.op_args, **self.op_kwargs)
  File "/opt/airflow/dags/task1dag.py", line 39, in zip_directory
    with zipfile.ZipFile(zip_filename, 'w', zipfile.ZIP_DEFLATED) as zipf:
  File "/usr/local/lib/python3.8/zipfile.py", line 1251, in __init__
    self.fp = io.open(file, filemode)
FileNotFoundError: [Errno 2] No such file or directory: 'opt/airflow/output/data.zip'
[2024-03-09T17:31:55.743+0000] {taskinstance.py:1138} INFO - Marking task as UP_FOR_RETRY. dag_id=task1dag, task_id=archive_data, execution_date=20240308T000000, start_date=20240309T173155, end_date=20240309T173155
[2024-03-09T17:31:55.755+0000] {standard_task_runner.py:107} ERROR - Failed to execute job 467 for task archive_data ([Errno 2] No such file or directory: 'opt/airflow/output/data.zip'; 1973)
[2024-03-09T17:31:55.785+0000] {local_task_job_runner.py:234} INFO - Task exited with return code 1
[2024-03-09T17:31:55.802+0000] {taskinstance.py:3280} INFO - 0 downstream tasks scheduled from follow-on schedule check
[2024-03-09T17:49:39.905+0000] {taskinstance.py:1956} INFO - Dependencies all met for dep_context=non-requeueable deps ti=<TaskInstance: task1dag.archive_data scheduled__2024-03-08T00:00:00+00:00 [queued]>
[2024-03-09T17:49:39.912+0000] {taskinstance.py:1956} INFO - Dependencies all met for dep_context=requeueable deps ti=<TaskInstance: task1dag.archive_data scheduled__2024-03-08T00:00:00+00:00 [queued]>
[2024-03-09T17:49:39.913+0000] {taskinstance.py:2170} INFO - Starting attempt 1 of 2
[2024-03-09T17:49:39.924+0000] {taskinstance.py:2191} INFO - Executing <Task(PythonOperator): archive_data> on 2024-03-08 00:00:00+00:00
[2024-03-09T17:49:39.932+0000] {standard_task_runner.py:60} INFO - Started process 2262 to run task
[2024-03-09T17:49:39.935+0000] {standard_task_runner.py:87} INFO - Running: ['***', 'tasks', 'run', 'task1dag', 'archive_data', 'scheduled__2024-03-08T00:00:00+00:00', '--job-id', '475', '--raw', '--subdir', 'DAGS_FOLDER/task1dag.py', '--cfg-path', '/tmp/tmpzhc_xn0e']
[2024-03-09T17:49:39.937+0000] {standard_task_runner.py:88} INFO - Job 475: Subtask archive_data
[2024-03-09T17:49:39.982+0000] {task_command.py:423} INFO - Running <TaskInstance: task1dag.archive_data scheduled__2024-03-08T00:00:00+00:00 [running]> on host 9ce19ff1a6f4
[2024-03-09T17:49:40.062+0000] {taskinstance.py:2480} INFO - Exporting env vars: AIRFLOW_CTX_DAG_OWNER='***' AIRFLOW_CTX_DAG_ID='task1dag' AIRFLOW_CTX_TASK_ID='archive_data' AIRFLOW_CTX_EXECUTION_DATE='2024-03-08T00:00:00+00:00' AIRFLOW_CTX_TRY_NUMBER='1' AIRFLOW_CTX_DAG_RUN_ID='scheduled__2024-03-08T00:00:00+00:00'
[2024-03-09T17:49:40.071+0000] {python.py:201} INFO - Done. Returned value was: None
[2024-03-09T17:49:40.081+0000] {taskinstance.py:1138} INFO - Marking task as SUCCESS. dag_id=task1dag, task_id=archive_data, execution_date=20240308T000000, start_date=20240309T174939, end_date=20240309T174940
[2024-03-09T17:49:40.108+0000] {local_task_job_runner.py:234} INFO - Task exited with return code 0
[2024-03-09T17:49:40.123+0000] {taskinstance.py:3280} INFO - 0 downstream tasks scheduled from follow-on schedule check
[2024-03-09T18:09:01.432+0000] {taskinstance.py:1956} INFO - Dependencies all met for dep_context=non-requeueable deps ti=<TaskInstance: task1dag.archive_data scheduled__2024-03-08T00:00:00+00:00 [queued]>
[2024-03-09T18:09:01.450+0000] {taskinstance.py:1956} INFO - Dependencies all met for dep_context=requeueable deps ti=<TaskInstance: task1dag.archive_data scheduled__2024-03-08T00:00:00+00:00 [queued]>
[2024-03-09T18:09:01.452+0000] {taskinstance.py:2170} INFO - Starting attempt 1 of 1
[2024-03-09T18:09:01.476+0000] {taskinstance.py:2191} INFO - Executing <Task(PythonOperator): archive_data> on 2024-03-08 00:00:00+00:00
[2024-03-09T18:09:01.489+0000] {standard_task_runner.py:60} INFO - Started process 2559 to run task
[2024-03-09T18:09:01.493+0000] {standard_task_runner.py:87} INFO - Running: ['***', 'tasks', 'run', 'task1dag', 'archive_data', 'scheduled__2024-03-08T00:00:00+00:00', '--job-id', '480', '--raw', '--subdir', 'DAGS_FOLDER/task1dag.py', '--cfg-path', '/tmp/tmpwb7l1pfv']
[2024-03-09T18:09:01.498+0000] {standard_task_runner.py:88} INFO - Job 480: Subtask archive_data
[2024-03-09T18:09:01.593+0000] {task_command.py:423} INFO - Running <TaskInstance: task1dag.archive_data scheduled__2024-03-08T00:00:00+00:00 [running]> on host 9ce19ff1a6f4
[2024-03-09T18:09:01.797+0000] {taskinstance.py:2480} INFO - Exporting env vars: AIRFLOW_CTX_DAG_OWNER='***' AIRFLOW_CTX_DAG_ID='task1dag' AIRFLOW_CTX_TASK_ID='archive_data' AIRFLOW_CTX_EXECUTION_DATE='2024-03-08T00:00:00+00:00' AIRFLOW_CTX_TRY_NUMBER='1' AIRFLOW_CTX_DAG_RUN_ID='scheduled__2024-03-08T00:00:00+00:00'
[2024-03-09T18:09:03.440+0000] {python.py:201} INFO - Done. Returned value was: None
[2024-03-09T18:09:03.465+0000] {taskinstance.py:1138} INFO - Marking task as SUCCESS. dag_id=task1dag, task_id=archive_data, execution_date=20240308T000000, start_date=20240309T180901, end_date=20240309T180903
[2024-03-09T18:09:03.517+0000] {local_task_job_runner.py:234} INFO - Task exited with return code 0
[2024-03-09T18:09:03.554+0000] {taskinstance.py:3280} INFO - 0 downstream tasks scheduled from follow-on schedule check
