[2024-03-09T21:14:35.289+0000] {taskinstance.py:1956} INFO - Dependencies all met for dep_context=non-requeueable deps ti=<TaskInstance: task2dag.data_visualization_pipeline manual__2024-03-09T21:08:52.809179+00:00 [queued]>
[2024-03-09T21:14:35.296+0000] {taskinstance.py:1956} INFO - Dependencies all met for dep_context=requeueable deps ti=<TaskInstance: task2dag.data_visualization_pipeline manual__2024-03-09T21:08:52.809179+00:00 [queued]>
[2024-03-09T21:14:35.296+0000] {taskinstance.py:2170} INFO - Starting attempt 2 of 2
[2024-03-09T21:14:35.308+0000] {taskinstance.py:2191} INFO - Executing <Task(PythonOperator): data_visualization_pipeline> on 2024-03-09 21:08:52.809179+00:00
[2024-03-09T21:14:35.315+0000] {standard_task_runner.py:60} INFO - Started process 527 to run task
[2024-03-09T21:14:35.318+0000] {standard_task_runner.py:87} INFO - Running: ['***', 'tasks', 'run', 'task2dag', 'data_visualization_pipeline', 'manual__2024-03-09T21:08:52.809179+00:00', '--job-id', '802', '--raw', '--subdir', 'DAGS_FOLDER/task2dag.py', '--cfg-path', '/tmp/tmpk1pup_kx']
[2024-03-09T21:14:35.319+0000] {standard_task_runner.py:88} INFO - Job 802: Subtask data_visualization_pipeline
[2024-03-09T21:14:35.356+0000] {task_command.py:423} INFO - Running <TaskInstance: task2dag.data_visualization_pipeline manual__2024-03-09T21:08:52.809179+00:00 [running]> on host 9268fe474086
[2024-03-09T21:14:35.424+0000] {taskinstance.py:2480} INFO - Exporting env vars: AIRFLOW_CTX_DAG_OWNER='***' AIRFLOW_CTX_DAG_ID='task2dag' AIRFLOW_CTX_TASK_ID='data_visualization_pipeline' AIRFLOW_CTX_EXECUTION_DATE='2024-03-09T21:08:52.809179+00:00' AIRFLOW_CTX_TRY_NUMBER='2' AIRFLOW_CTX_DAG_RUN_ID='manual__2024-03-09T21:08:52.809179+00:00'
[2024-03-09T21:14:35.443+0000] {taskinstance.py:2698} ERROR - Task failed with exception
Traceback (most recent call last):
  File "/home/airflow/.local/lib/python3.8/site-packages/airflow/models/taskinstance.py", line 433, in _execute_task
    result = execute_callable(context=context, **execute_callable_kwargs)
  File "/home/airflow/.local/lib/python3.8/site-packages/airflow/operators/python.py", line 199, in execute
    return_value = self.execute_callable()
  File "/home/airflow/.local/lib/python3.8/site-packages/airflow/operators/python.py", line 216, in execute_callable
    return self.python_callable(*self.op_args, **self.op_kwargs)
  File "/opt/airflow/dags/task2dag.py", line 184, in visualisation_pipeline
    make_plots_by_field(GDF, fields)
  File "/opt/airflow/dags/task2dag.py", line 154, in make_plots_by_field
    output_folder_field = os.path.join('vizs', field)
  File "/usr/local/lib/python3.8/posixpath.py", line 90, in join
    genericpath._check_arg_types('join', a, *p)
  File "/usr/local/lib/python3.8/genericpath.py", line 152, in _check_arg_types
    raise TypeError(f'{funcname}() argument must be str, bytes, or '
TypeError: join() argument must be str, bytes, or os.PathLike object, not 'list'
[2024-03-09T21:14:35.453+0000] {taskinstance.py:1138} INFO - Marking task as FAILED. dag_id=task2dag, task_id=data_visualization_pipeline, execution_date=20240309T210852, start_date=20240309T211435, end_date=20240309T211435
[2024-03-09T21:14:35.463+0000] {standard_task_runner.py:107} ERROR - Failed to execute job 802 for task data_visualization_pipeline (join() argument must be str, bytes, or os.PathLike object, not 'list'; 527)
[2024-03-09T21:14:35.490+0000] {local_task_job_runner.py:234} INFO - Task exited with return code 1
[2024-03-09T21:14:35.511+0000] {taskinstance.py:3280} INFO - 0 downstream tasks scheduled from follow-on schedule check
