[2024-03-09T22:21:40.258+0000] {taskinstance.py:1956} INFO - Dependencies all met for dep_context=non-requeueable deps ti=<TaskInstance: task2dag.data_processing_pipe manual__2024-03-09T22:21:13.686079+00:00 [queued]>
[2024-03-09T22:21:40.266+0000] {taskinstance.py:1956} INFO - Dependencies all met for dep_context=requeueable deps ti=<TaskInstance: task2dag.data_processing_pipe manual__2024-03-09T22:21:13.686079+00:00 [queued]>
[2024-03-09T22:21:40.267+0000] {taskinstance.py:2170} INFO - Starting attempt 1 of 2
[2024-03-09T22:21:40.279+0000] {taskinstance.py:2191} INFO - Executing <Task(PythonOperator): data_processing_pipe> on 2024-03-09 22:21:13.686079+00:00
[2024-03-09T22:21:40.290+0000] {standard_task_runner.py:60} INFO - Started process 1812 to run task
[2024-03-09T22:21:40.293+0000] {standard_task_runner.py:87} INFO - Running: ['***', 'tasks', 'run', 'task2dag', 'data_processing_pipe', 'manual__2024-03-09T22:21:13.686079+00:00', '--job-id', '862', '--raw', '--subdir', 'DAGS_FOLDER/task2dag.py', '--cfg-path', '/tmp/tmpv2ujenoy']
[2024-03-09T22:21:40.295+0000] {standard_task_runner.py:88} INFO - Job 862: Subtask data_processing_pipe
[2024-03-09T22:21:40.335+0000] {task_command.py:423} INFO - Running <TaskInstance: task2dag.data_processing_pipe manual__2024-03-09T22:21:13.686079+00:00 [running]> on host 9268fe474086
[2024-03-09T22:21:40.411+0000] {taskinstance.py:2480} INFO - Exporting env vars: AIRFLOW_CTX_DAG_OWNER='***' AIRFLOW_CTX_DAG_ID='task2dag' AIRFLOW_CTX_TASK_ID='data_processing_pipe' AIRFLOW_CTX_EXECUTION_DATE='2024-03-09T22:21:13.686079+00:00' AIRFLOW_CTX_TRY_NUMBER='1' AIRFLOW_CTX_DAG_RUN_ID='manual__2024-03-09T22:21:13.686079+00:00'
[2024-03-09T22:21:40.416+0000] {pipeline.py:196} INFO - Missing pipeline option (runner). Executing pipeline using the default runner: DirectRunner.
[2024-03-09T22:21:40.731+0000] {translations.py:712} INFO - ==================== <function annotate_downstream_side_inputs at 0x7fc39572a550> ====================
[2024-03-09T22:21:40.732+0000] {translations.py:712} INFO - ==================== <function fix_side_input_pcoll_coders at 0x7fc39572a670> ====================
[2024-03-09T22:21:40.732+0000] {translations.py:712} INFO - ==================== <function pack_combiners at 0x7fc39572ab80> ====================
[2024-03-09T22:21:40.733+0000] {translations.py:712} INFO - ==================== <function lift_combiners at 0x7fc39572ac10> ====================
[2024-03-09T22:21:40.734+0000] {translations.py:712} INFO - ==================== <function expand_sdf at 0x7fc39572adc0> ====================
[2024-03-09T22:21:40.734+0000] {translations.py:712} INFO - ==================== <function expand_gbk at 0x7fc39572ae50> ====================
[2024-03-09T22:21:40.735+0000] {translations.py:712} INFO - ==================== <function sink_flattens at 0x7fc39572af70> ====================
[2024-03-09T22:21:40.735+0000] {translations.py:712} INFO - ==================== <function greedily_fuse at 0x7fc39572b040> ====================
[2024-03-09T22:21:40.736+0000] {translations.py:712} INFO - ==================== <function read_to_impulse at 0x7fc39572b0d0> ====================
[2024-03-09T22:21:40.737+0000] {translations.py:712} INFO - ==================== <function impulse_to_input at 0x7fc39572b160> ====================
[2024-03-09T22:21:40.737+0000] {translations.py:712} INFO - ==================== <function sort_stages at 0x7fc39572b3a0> ====================
[2024-03-09T22:21:40.738+0000] {translations.py:712} INFO - ==================== <function add_impulse_to_dangling_transforms at 0x7fc39572b4c0> ====================
[2024-03-09T22:21:40.738+0000] {translations.py:712} INFO - ==================== <function setup_timer_mapping at 0x7fc39572b310> ====================
[2024-03-09T22:21:40.739+0000] {translations.py:712} INFO - ==================== <function populate_data_channel_coders at 0x7fc39572b430> ====================
[2024-03-09T22:21:40.741+0000] {statecache.py:234} INFO - Creating state cache with size 104857600
[2024-03-09T22:21:40.741+0000] {worker_handlers.py:922} INFO - Created Worker handler <apache_beam.runners.portability.fn_api_runner.worker_handlers.EmbeddedWorkerHandler object at 0x7fc395a5d2e0> for environment ref_Environment_default_environment_1 (beam:env:embedded_python:v1, b'')
[2024-03-09T22:22:11.698+0000] {filebasedsink.py:230} WARNING - Deleting 1 existing files in target path matching: 
[2024-03-09T22:22:11.732+0000] {filebasedsink.py:310} INFO - Starting finalize_write threads with num_shards: 1 (skipped: 0), batches: 1, num_threads: 1
[2024-03-09T22:22:11.742+0000] {filebasedsink.py:357} INFO - Renamed 1 shards in 0.01 seconds.
[2024-03-09T22:22:11.752+0000] {python.py:201} INFO - Done. Returned value was: None
[2024-03-09T22:22:11.761+0000] {taskinstance.py:1138} INFO - Marking task as SUCCESS. dag_id=task2dag, task_id=data_processing_pipe, execution_date=20240309T222113, start_date=20240309T222140, end_date=20240309T222211
[2024-03-09T22:22:11.819+0000] {local_task_job_runner.py:234} INFO - Task exited with return code 0
[2024-03-09T22:22:11.844+0000] {taskinstance.py:3280} INFO - 1 downstream tasks scheduled from follow-on schedule check
