[2024-03-10T12:16:52.849+0000] {taskinstance.py:1956} INFO - Dependencies all met for dep_context=non-requeueable deps ti=<TaskInstance: task2dag.data_visualization_pipeline manual__2024-03-10T12:14:32.846289+00:00 [queued]>
[2024-03-10T12:16:52.868+0000] {taskinstance.py:1956} INFO - Dependencies all met for dep_context=requeueable deps ti=<TaskInstance: task2dag.data_visualization_pipeline manual__2024-03-10T12:14:32.846289+00:00 [queued]>
[2024-03-10T12:16:52.869+0000] {taskinstance.py:2170} INFO - Starting attempt 1 of 2
[2024-03-10T12:16:52.921+0000] {taskinstance.py:2191} INFO - Executing <Task(PythonOperator): data_visualization_pipeline> on 2024-03-10 12:14:32.846289+00:00
[2024-03-10T12:16:52.937+0000] {standard_task_runner.py:60} INFO - Started process 3612 to run task
[2024-03-10T12:16:52.945+0000] {standard_task_runner.py:87} INFO - Running: ['***', 'tasks', 'run', 'task2dag', 'data_visualization_pipeline', 'manual__2024-03-10T12:14:32.846289+00:00', '--job-id', '880', '--raw', '--subdir', 'DAGS_FOLDER/task2dag.py', '--cfg-path', '/tmp/tmpk8f09p0h']
[2024-03-10T12:16:52.948+0000] {standard_task_runner.py:88} INFO - Job 880: Subtask data_visualization_pipeline
[2024-03-10T12:16:53.100+0000] {task_command.py:423} INFO - Running <TaskInstance: task2dag.data_visualization_pipeline manual__2024-03-10T12:14:32.846289+00:00 [running]> on host 9268fe474086
[2024-03-10T12:16:53.305+0000] {taskinstance.py:2480} INFO - Exporting env vars: AIRFLOW_CTX_DAG_OWNER='***' AIRFLOW_CTX_DAG_ID='task2dag' AIRFLOW_CTX_TASK_ID='data_visualization_pipeline' AIRFLOW_CTX_EXECUTION_DATE='2024-03-10T12:14:32.846289+00:00' AIRFLOW_CTX_TRY_NUMBER='1' AIRFLOW_CTX_DAG_RUN_ID='manual__2024-03-10T12:14:32.846289+00:00'
[2024-03-10T12:16:53.413+0000] {logging_mixin.py:188} INFO - 1, 2010 month and year
[2024-03-10T12:16:55.671+0000] {logging_mixin.py:188} INFO - 1, 2011 month and year
[2024-03-10T12:16:56.838+0000] {logging_mixin.py:188} INFO - 1, 2012 month and year
[2024-03-10T12:16:58.409+0000] {logging_mixin.py:188} INFO - 1, 2013 month and year
[2024-03-10T12:16:59.445+0000] {logging_mixin.py:188} INFO - 1, 2014 month and year
[2024-03-10T12:17:00.768+0000] {logging_mixin.py:188} INFO - 1, 2015 month and year
[2024-03-10T12:17:01.874+0000] {logging_mixin.py:188} INFO - 2, 2010 month and year
[2024-03-10T12:17:03.054+0000] {logging_mixin.py:188} INFO - 2, 2011 month and year
[2024-03-10T12:17:04.246+0000] {logging_mixin.py:188} INFO - 2, 2012 month and year
[2024-03-10T12:17:05.433+0000] {logging_mixin.py:188} INFO - 2, 2013 month and year
[2024-03-10T12:17:06.442+0000] {logging_mixin.py:188} INFO - 2, 2014 month and year
[2024-03-10T12:17:07.417+0000] {logging_mixin.py:188} INFO - 2, 2015 month and year
[2024-03-10T12:17:08.340+0000] {logging_mixin.py:188} INFO - 3, 2010 month and year
[2024-03-10T12:17:09.388+0000] {logging_mixin.py:188} INFO - 3, 2011 month and year
[2024-03-10T12:17:10.372+0000] {logging_mixin.py:188} INFO - 3, 2012 month and year
[2024-03-10T12:17:11.407+0000] {logging_mixin.py:188} INFO - 3, 2013 month and year
[2024-03-10T12:17:12.721+0000] {logging_mixin.py:188} INFO - 3, 2014 month and year
[2024-03-10T12:17:13.692+0000] {logging_mixin.py:188} INFO - 3, 2015 month and year
[2024-03-10T12:17:14.601+0000] {logging_mixin.py:188} INFO - 4, 2010 month and year
[2024-03-10T12:17:15.593+0000] {logging_mixin.py:188} INFO - 4, 2011 month and year
[2024-03-10T12:17:16.535+0000] {logging_mixin.py:188} INFO - 4, 2012 month and year
[2024-03-10T12:17:17.511+0000] {logging_mixin.py:188} INFO - 4, 2013 month and year
[2024-03-10T12:17:18.491+0000] {logging_mixin.py:188} INFO - 4, 2014 month and year
[2024-03-10T12:17:19.515+0000] {logging_mixin.py:188} INFO - 4, 2015 month and year
[2024-03-10T12:17:20.471+0000] {logging_mixin.py:188} INFO - 5, 2010 month and year
[2024-03-10T12:17:21.488+0000] {logging_mixin.py:188} INFO - 5, 2011 month and year
[2024-03-10T12:17:22.393+0000] {logging_mixin.py:188} INFO - 5, 2012 month and year
[2024-03-10T12:17:23.359+0000] {logging_mixin.py:188} INFO - 5, 2013 month and year
[2024-03-10T12:17:24.283+0000] {logging_mixin.py:188} INFO - 5, 2014 month and year
[2024-03-10T12:17:25.199+0000] {logging_mixin.py:188} INFO - 5, 2015 month and year
[2024-03-10T12:17:26.503+0000] {logging_mixin.py:188} INFO - 6, 2010 month and year
[2024-03-10T12:17:27.452+0000] {logging_mixin.py:188} INFO - 6, 2011 month and year
[2024-03-10T12:17:28.475+0000] {logging_mixin.py:188} INFO - 6, 2012 month and year
[2024-03-10T12:17:29.476+0000] {logging_mixin.py:188} INFO - 6, 2013 month and year
[2024-03-10T12:17:30.450+0000] {logging_mixin.py:188} INFO - 6, 2014 month and year
[2024-03-10T12:17:31.442+0000] {logging_mixin.py:188} INFO - 6, 2015 month and year
[2024-03-10T12:17:32.376+0000] {logging_mixin.py:188} INFO - 7, 2010 month and year
[2024-03-10T12:17:33.364+0000] {logging_mixin.py:188} INFO - 7, 2011 month and year
[2024-03-10T12:17:34.405+0000] {logging_mixin.py:188} INFO - 7, 2012 month and year
[2024-03-10T12:17:35.474+0000] {logging_mixin.py:188} INFO - 7, 2013 month and year
[2024-03-10T12:17:36.538+0000] {logging_mixin.py:188} INFO - 7, 2014 month and year
[2024-03-10T12:17:37.620+0000] {logging_mixin.py:188} INFO - 7, 2015 month and year
[2024-03-10T12:17:38.713+0000] {logging_mixin.py:188} INFO - 8, 2010 month and year
[2024-03-10T12:17:40.426+0000] {logging_mixin.py:188} INFO - 8, 2011 month and year
[2024-03-10T12:17:41.419+0000] {logging_mixin.py:188} INFO - 8, 2012 month and year
[2024-03-10T12:17:42.412+0000] {logging_mixin.py:188} INFO - 8, 2013 month and year
[2024-03-10T12:17:43.426+0000] {logging_mixin.py:188} INFO - 8, 2014 month and year
[2024-03-10T12:17:44.443+0000] {logging_mixin.py:188} INFO - 8, 2015 month and year
[2024-03-10T12:17:45.495+0000] {logging_mixin.py:188} INFO - 9, 2010 month and year
[2024-03-10T12:17:46.388+0000] {logging_mixin.py:188} INFO - 9, 2011 month and year
[2024-03-10T12:17:47.318+0000] {logging_mixin.py:188} INFO - 9, 2012 month and year
[2024-03-10T12:17:48.228+0000] {logging_mixin.py:188} INFO - 9, 2013 month and year
[2024-03-10T12:17:49.275+0000] {logging_mixin.py:188} INFO - 9, 2014 month and year
[2024-03-10T12:17:50.171+0000] {logging_mixin.py:188} INFO - 9, 2015 month and year
[2024-03-10T12:17:51.197+0000] {logging_mixin.py:188} INFO - 10, 2010 month and year
[2024-03-10T12:17:52.189+0000] {logging_mixin.py:188} INFO - 10, 2011 month and year
[2024-03-10T12:17:53.159+0000] {logging_mixin.py:188} INFO - 10, 2012 month and year
[2024-03-10T12:17:54.646+0000] {logging_mixin.py:188} INFO - 10, 2013 month and year
[2024-03-10T12:17:55.585+0000] {logging_mixin.py:188} INFO - 10, 2014 month and year
[2024-03-10T12:17:56.491+0000] {logging_mixin.py:188} INFO - 10, 2015 month and year
[2024-03-10T12:17:57.524+0000] {logging_mixin.py:188} INFO - 11, 2010 month and year
[2024-03-10T12:17:58.444+0000] {logging_mixin.py:188} INFO - 11, 2011 month and year
[2024-03-10T12:17:59.400+0000] {logging_mixin.py:188} INFO - 11, 2012 month and year
[2024-03-10T12:18:00.335+0000] {logging_mixin.py:188} INFO - 11, 2013 month and year
[2024-03-10T12:18:01.294+0000] {logging_mixin.py:188} INFO - 11, 2014 month and year
[2024-03-10T12:18:02.200+0000] {logging_mixin.py:188} INFO - 11, 2015 month and year
[2024-03-10T12:18:03.135+0000] {logging_mixin.py:188} INFO - 12, 2010 month and year
[2024-03-10T12:18:04.043+0000] {logging_mixin.py:188} INFO - 12, 2011 month and year
[2024-03-10T12:18:04.987+0000] {logging_mixin.py:188} INFO - 12, 2012 month and year
[2024-03-10T12:18:05.995+0000] {logging_mixin.py:188} INFO - 12, 2013 month and year
[2024-03-10T12:18:07.031+0000] {logging_mixin.py:188} INFO - 12, 2014 month and year
[2024-03-10T12:18:08.483+0000] {logging_mixin.py:188} INFO - 12, 2015 month and year
[2024-03-10T12:18:09.500+0000] {logging_mixin.py:188} INFO - 1, 2010 month and year
[2024-03-10T12:18:10.541+0000] {logging_mixin.py:188} INFO - 1, 2011 month and year
[2024-03-10T12:18:11.588+0000] {logging_mixin.py:188} INFO - 1, 2012 month and year
[2024-03-10T12:18:12.628+0000] {logging_mixin.py:188} INFO - 1, 2013 month and year
[2024-03-10T12:18:13.971+0000] {logging_mixin.py:188} INFO - 1, 2014 month and year
[2024-03-10T12:18:14.964+0000] {logging_mixin.py:188} INFO - 1, 2015 month and year
[2024-03-10T12:18:15.945+0000] {logging_mixin.py:188} INFO - 2, 2010 month and year
[2024-03-10T12:18:16.866+0000] {logging_mixin.py:188} INFO - 2, 2011 month and year
[2024-03-10T12:18:17.790+0000] {logging_mixin.py:188} INFO - 2, 2012 month and year
[2024-03-10T12:18:18.757+0000] {logging_mixin.py:188} INFO - 2, 2013 month and year
[2024-03-10T12:18:19.836+0000] {logging_mixin.py:188} INFO - 2, 2014 month and year
[2024-03-10T12:18:20.741+0000] {logging_mixin.py:188} INFO - 2, 2015 month and year
[2024-03-10T12:18:21.662+0000] {logging_mixin.py:188} INFO - 3, 2010 month and year
[2024-03-10T12:18:23.195+0000] {logging_mixin.py:188} INFO - 3, 2011 month and year
[2024-03-10T12:18:24.027+0000] {logging_mixin.py:188} INFO - 3, 2012 month and year
[2024-03-10T12:18:24.998+0000] {logging_mixin.py:188} INFO - 3, 2013 month and year
[2024-03-10T12:18:25.958+0000] {logging_mixin.py:188} INFO - 3, 2014 month and year
[2024-03-10T12:18:26.809+0000] {logging_mixin.py:188} INFO - 3, 2015 month and year
[2024-03-10T12:18:27.757+0000] {logging_mixin.py:188} INFO - 4, 2010 month and year
[2024-03-10T12:18:28.681+0000] {logging_mixin.py:188} INFO - 4, 2011 month and year
[2024-03-10T12:18:29.580+0000] {logging_mixin.py:188} INFO - 4, 2012 month and year
[2024-03-10T12:18:30.579+0000] {logging_mixin.py:188} INFO - 4, 2013 month and year
[2024-03-10T12:18:31.623+0000] {logging_mixin.py:188} INFO - 4, 2014 month and year
[2024-03-10T12:18:32.633+0000] {logging_mixin.py:188} INFO - 4, 2015 month and year
[2024-03-10T12:18:33.545+0000] {logging_mixin.py:188} INFO - 5, 2010 month and year
[2024-03-10T12:18:34.514+0000] {logging_mixin.py:188} INFO - 5, 2011 month and year
[2024-03-10T12:18:35.499+0000] {logging_mixin.py:188} INFO - 5, 2012 month and year
[2024-03-10T12:18:36.925+0000] {logging_mixin.py:188} INFO - 5, 2013 month and year
[2024-03-10T12:18:37.977+0000] {logging_mixin.py:188} INFO - 5, 2014 month and year
[2024-03-10T12:18:38.938+0000] {logging_mixin.py:188} INFO - 5, 2015 month and year
[2024-03-10T12:18:39.895+0000] {logging_mixin.py:188} INFO - 6, 2010 month and year
[2024-03-10T12:18:40.942+0000] {logging_mixin.py:188} INFO - 6, 2011 month and year
[2024-03-10T12:18:41.850+0000] {logging_mixin.py:188} INFO - 6, 2012 month and year
[2024-03-10T12:18:42.851+0000] {logging_mixin.py:188} INFO - 6, 2013 month and year
[2024-03-10T12:18:43.821+0000] {logging_mixin.py:188} INFO - 6, 2014 month and year
[2024-03-10T12:18:44.789+0000] {logging_mixin.py:188} INFO - 6, 2015 month and year
[2024-03-10T12:18:45.806+0000] {logging_mixin.py:188} INFO - 7, 2010 month and year
[2024-03-10T12:18:47.031+0000] {logging_mixin.py:188} INFO - 7, 2011 month and year
[2024-03-10T12:18:48.112+0000] {logging_mixin.py:188} INFO - 7, 2012 month and year
[2024-03-10T12:18:49.138+0000] {logging_mixin.py:188} INFO - 7, 2013 month and year
[2024-03-10T12:18:50.596+0000] {logging_mixin.py:188} INFO - 7, 2014 month and year
[2024-03-10T12:18:52.463+0000] {logging_mixin.py:188} INFO - 7, 2015 month and year
[2024-03-10T12:18:53.661+0000] {logging_mixin.py:188} INFO - 8, 2010 month and year
[2024-03-10T12:18:54.653+0000] {logging_mixin.py:188} INFO - 8, 2011 month and year
[2024-03-10T12:18:55.703+0000] {logging_mixin.py:188} INFO - 8, 2012 month and year
[2024-03-10T12:18:56.923+0000] {logging_mixin.py:188} INFO - 8, 2013 month and year
[2024-03-10T12:18:57.874+0000] {logging_mixin.py:188} INFO - 8, 2014 month and year
[2024-03-10T12:18:58.862+0000] {logging_mixin.py:188} INFO - 8, 2015 month and year
[2024-03-10T12:18:59.923+0000] {logging_mixin.py:188} INFO - 9, 2010 month and year
[2024-03-10T12:19:01.010+0000] {logging_mixin.py:188} INFO - 9, 2011 month and year
[2024-03-10T12:19:02.110+0000] {logging_mixin.py:188} INFO - 9, 2012 month and year
[2024-03-10T12:19:03.195+0000] {logging_mixin.py:188} INFO - 9, 2013 month and year
[2024-03-10T12:19:04.227+0000] {logging_mixin.py:188} INFO - 9, 2014 month and year
[2024-03-10T12:19:05.181+0000] {logging_mixin.py:188} INFO - 9, 2015 month and year
[2024-03-10T12:19:06.083+0000] {logging_mixin.py:188} INFO - 10, 2010 month and year
[2024-03-10T12:19:07.321+0000] {logging_mixin.py:188} INFO - 10, 2011 month and year
[2024-03-10T12:19:08.226+0000] {logging_mixin.py:188} INFO - 10, 2012 month and year
[2024-03-10T12:19:09.146+0000] {logging_mixin.py:188} INFO - 10, 2013 month and year
[2024-03-10T12:19:10.040+0000] {logging_mixin.py:188} INFO - 10, 2014 month and year
[2024-03-10T12:19:11.027+0000] {logging_mixin.py:188} INFO - 10, 2015 month and year
[2024-03-10T12:19:11.938+0000] {logging_mixin.py:188} INFO - 11, 2010 month and year
[2024-03-10T12:19:12.885+0000] {logging_mixin.py:188} INFO - 11, 2011 month and year
[2024-03-10T12:19:13.828+0000] {logging_mixin.py:188} INFO - 11, 2012 month and year
[2024-03-10T12:19:14.907+0000] {logging_mixin.py:188} INFO - 11, 2013 month and year
[2024-03-10T12:19:15.838+0000] {logging_mixin.py:188} INFO - 11, 2014 month and year
[2024-03-10T12:19:16.796+0000] {logging_mixin.py:188} INFO - 11, 2015 month and year
[2024-03-10T12:19:17.731+0000] {logging_mixin.py:188} INFO - 12, 2010 month and year
[2024-03-10T12:19:18.641+0000] {logging_mixin.py:188} INFO - 12, 2011 month and year
[2024-03-10T12:19:19.659+0000] {logging_mixin.py:188} INFO - 12, 2012 month and year
[2024-03-10T12:19:21.119+0000] {logging_mixin.py:188} INFO - 12, 2013 month and year
[2024-03-10T12:19:22.131+0000] {logging_mixin.py:188} INFO - 12, 2014 month and year
[2024-03-10T12:19:23.217+0000] {logging_mixin.py:188} INFO - 12, 2015 month and year
[2024-03-10T12:19:24.348+0000] {logging_mixin.py:188} INFO - 1, 2010 month and year
[2024-03-10T12:19:25.438+0000] {logging_mixin.py:188} INFO - 1, 2011 month and year
[2024-03-10T12:19:26.507+0000] {logging_mixin.py:188} INFO - 1, 2012 month and year
[2024-03-10T12:19:27.520+0000] {logging_mixin.py:188} INFO - 1, 2013 month and year
[2024-03-10T12:19:28.530+0000] {logging_mixin.py:188} INFO - 1, 2014 month and year
[2024-03-10T12:19:29.502+0000] {logging_mixin.py:188} INFO - 1, 2015 month and year
[2024-03-10T12:19:30.495+0000] {logging_mixin.py:188} INFO - 2, 2010 month and year
[2024-03-10T12:19:31.497+0000] {logging_mixin.py:188} INFO - 2, 2011 month and year
[2024-03-10T12:19:32.422+0000] {logging_mixin.py:188} INFO - 2, 2012 month and year
[2024-03-10T12:19:33.563+0000] {logging_mixin.py:188} INFO - 2, 2013 month and year
[2024-03-10T12:19:34.830+0000] {logging_mixin.py:188} INFO - 2, 2014 month and year
[2024-03-10T12:19:35.441+0000] {logging_mixin.py:188} INFO - 2, 2015 month and year
[2024-03-10T12:19:36.012+0000] {logging_mixin.py:188} INFO - 3, 2010 month and year
[2024-03-10T12:19:36.511+0000] {logging_mixin.py:188} INFO - 3, 2011 month and year
[2024-03-10T12:19:37.460+0000] {logging_mixin.py:188} INFO - 3, 2012 month and year
[2024-03-10T12:19:38.475+0000] {logging_mixin.py:188} INFO - 3, 2013 month and year
[2024-03-10T12:19:39.547+0000] {logging_mixin.py:188} INFO - 3, 2014 month and year
[2024-03-10T12:19:40.255+0000] {logging_mixin.py:188} INFO - 3, 2015 month and year
[2024-03-10T12:19:41.074+0000] {logging_mixin.py:188} INFO - 4, 2010 month and year
[2024-03-10T12:19:41.696+0000] {logging_mixin.py:188} INFO - 4, 2011 month and year
[2024-03-10T12:19:42.265+0000] {logging_mixin.py:188} INFO - 4, 2012 month and year
[2024-03-10T12:19:42.783+0000] {logging_mixin.py:188} INFO - 4, 2013 month and year
[2024-03-10T12:19:43.779+0000] {logging_mixin.py:188} INFO - 4, 2014 month and year
[2024-03-10T12:19:44.839+0000] {logging_mixin.py:188} INFO - 4, 2015 month and year
[2024-03-10T12:19:45.958+0000] {logging_mixin.py:188} INFO - 5, 2010 month and year
[2024-03-10T12:19:46.538+0000] {logging_mixin.py:188} INFO - 5, 2011 month and year
[2024-03-10T12:19:47.084+0000] {logging_mixin.py:188} INFO - 5, 2012 month and year
[2024-03-10T12:19:47.606+0000] {logging_mixin.py:188} INFO - 5, 2013 month and year
[2024-03-10T12:19:48.417+0000] {logging_mixin.py:188} INFO - 5, 2014 month and year
[2024-03-10T12:19:49.337+0000] {logging_mixin.py:188} INFO - 5, 2015 month and year
[2024-03-10T12:19:49.949+0000] {logging_mixin.py:188} INFO - 6, 2010 month and year
[2024-03-10T12:19:50.795+0000] {logging_mixin.py:188} INFO - 6, 2011 month and year
[2024-03-10T12:19:51.356+0000] {logging_mixin.py:188} INFO - 6, 2012 month and year
[2024-03-10T12:19:51.941+0000] {logging_mixin.py:188} INFO - 6, 2013 month and year
[2024-03-10T12:19:52.432+0000] {logging_mixin.py:188} INFO - 6, 2014 month and year
[2024-03-10T12:19:53.368+0000] {logging_mixin.py:188} INFO - 6, 2015 month and year
[2024-03-10T12:19:54.464+0000] {logging_mixin.py:188} INFO - 7, 2010 month and year
[2024-03-10T12:19:55.533+0000] {logging_mixin.py:188} INFO - 7, 2011 month and year
[2024-03-10T12:19:56.688+0000] {logging_mixin.py:188} INFO - 7, 2012 month and year
[2024-03-10T12:19:57.481+0000] {logging_mixin.py:188} INFO - 7, 2013 month and year
[2024-03-10T12:19:58.156+0000] {logging_mixin.py:188} INFO - 7, 2014 month and year
[2024-03-10T12:19:58.727+0000] {logging_mixin.py:188} INFO - 7, 2015 month and year
[2024-03-10T12:19:59.430+0000] {logging_mixin.py:188} INFO - 8, 2010 month and year
[2024-03-10T12:20:00.410+0000] {logging_mixin.py:188} INFO - 8, 2011 month and year
[2024-03-10T12:20:01.489+0000] {logging_mixin.py:188} INFO - 8, 2012 month and year
[2024-03-10T12:20:02.590+0000] {logging_mixin.py:188} INFO - 8, 2013 month and year
[2024-03-10T12:20:03.727+0000] {logging_mixin.py:188} INFO - 8, 2014 month and year
[2024-03-10T12:20:05.213+0000] {logging_mixin.py:188} INFO - 8, 2015 month and year
[2024-03-10T12:20:06.235+0000] {logging_mixin.py:188} INFO - 9, 2010 month and year
[2024-03-10T12:20:07.190+0000] {logging_mixin.py:188} INFO - 9, 2011 month and year
[2024-03-10T12:20:08.116+0000] {logging_mixin.py:188} INFO - 9, 2012 month and year
[2024-03-10T12:20:09.510+0000] {logging_mixin.py:188} INFO - 9, 2013 month and year
[2024-03-10T12:20:10.483+0000] {logging_mixin.py:188} INFO - 9, 2014 month and year
[2024-03-10T12:20:11.533+0000] {logging_mixin.py:188} INFO - 9, 2015 month and year
[2024-03-10T12:20:12.601+0000] {logging_mixin.py:188} INFO - 10, 2010 month and year
[2024-03-10T12:20:13.613+0000] {logging_mixin.py:188} INFO - 10, 2011 month and year
[2024-03-10T12:20:14.603+0000] {logging_mixin.py:188} INFO - 10, 2012 month and year
[2024-03-10T12:20:15.678+0000] {logging_mixin.py:188} INFO - 10, 2013 month and year
[2024-03-10T12:20:16.664+0000] {logging_mixin.py:188} INFO - 10, 2014 month and year
[2024-03-10T12:20:17.706+0000] {logging_mixin.py:188} INFO - 10, 2015 month and year
[2024-03-10T12:20:18.744+0000] {logging_mixin.py:188} INFO - 11, 2010 month and year
[2024-03-10T12:20:19.687+0000] {logging_mixin.py:188} INFO - 11, 2011 month and year
[2024-03-10T12:20:20.630+0000] {logging_mixin.py:188} INFO - 11, 2012 month and year
[2024-03-10T12:20:21.611+0000] {logging_mixin.py:188} INFO - 11, 2013 month and year
[2024-03-10T12:20:22.596+0000] {logging_mixin.py:188} INFO - 11, 2014 month and year
[2024-03-10T12:20:24.090+0000] {logging_mixin.py:188} INFO - 11, 2015 month and year
[2024-03-10T12:20:25.088+0000] {logging_mixin.py:188} INFO - 12, 2010 month and year
[2024-03-10T12:20:26.072+0000] {logging_mixin.py:188} INFO - 12, 2011 month and year
[2024-03-10T12:20:27.061+0000] {logging_mixin.py:188} INFO - 12, 2012 month and year
[2024-03-10T12:20:28.045+0000] {logging_mixin.py:188} INFO - 12, 2013 month and year
[2024-03-10T12:20:29.015+0000] {logging_mixin.py:188} INFO - 12, 2014 month and year
[2024-03-10T12:20:30.055+0000] {logging_mixin.py:188} INFO - 12, 2015 month and year
[2024-03-10T12:20:31.091+0000] {logging_mixin.py:188} INFO - heatmap in vizs
[2024-03-10T12:20:31.092+0000] {python.py:201} INFO - Done. Returned value was: None
[2024-03-10T12:20:31.113+0000] {taskinstance.py:1138} INFO - Marking task as SUCCESS. dag_id=task2dag, task_id=data_visualization_pipeline, execution_date=20240310T121432, start_date=20240310T121652, end_date=20240310T122031
[2024-03-10T12:20:31.212+0000] {local_task_job_runner.py:234} INFO - Task exited with return code 0
[2024-03-10T12:20:31.268+0000] {taskinstance.py:3280} INFO - 1 downstream tasks scheduled from follow-on schedule check
