[2024-03-02T14:35:32.559+0000] {taskinstance.py:1956} INFO - Dependencies all met for dep_context=non-requeueable deps ti=<TaskInstance: task_1_dag.archive_data manual__2024-03-02T14:29:54.319632+00:00 [queued]>
[2024-03-02T14:35:32.567+0000] {taskinstance.py:1956} INFO - Dependencies all met for dep_context=requeueable deps ti=<TaskInstance: task_1_dag.archive_data manual__2024-03-02T14:29:54.319632+00:00 [queued]>
[2024-03-02T14:35:32.568+0000] {taskinstance.py:2170} INFO - Starting attempt 2 of 2
[2024-03-02T14:35:32.582+0000] {taskinstance.py:2191} INFO - Executing <Task(BashOperator): archive_data> on 2024-03-02 14:29:54.319632+00:00
[2024-03-02T14:35:32.592+0000] {standard_task_runner.py:60} INFO - Started process 518 to run task
[2024-03-02T14:35:32.596+0000] {standard_task_runner.py:87} INFO - Running: ['***', 'tasks', 'run', 'task_1_dag', 'archive_data', 'manual__2024-03-02T14:29:54.319632+00:00', '--job-id', '359', '--raw', '--subdir', 'DAGS_FOLDER/check2.py', '--cfg-path', '/tmp/tmphzhxvaex']
[2024-03-02T14:35:32.599+0000] {standard_task_runner.py:88} INFO - Job 359: Subtask archive_data
[2024-03-02T14:35:32.645+0000] {task_command.py:423} INFO - Running <TaskInstance: task_1_dag.archive_data manual__2024-03-02T14:29:54.319632+00:00 [running]> on host 64d00280a601
[2024-03-02T14:35:32.721+0000] {taskinstance.py:2480} INFO - Exporting env vars: AIRFLOW_CTX_DAG_OWNER='***' AIRFLOW_CTX_DAG_ID='task_1_dag' AIRFLOW_CTX_TASK_ID='archive_data' AIRFLOW_CTX_EXECUTION_DATE='2024-03-02T14:29:54.319632+00:00' AIRFLOW_CTX_TRY_NUMBER='2' AIRFLOW_CTX_DAG_RUN_ID='manual__2024-03-02T14:29:54.319632+00:00'
[2024-03-02T14:35:32.723+0000] {subprocess.py:63} INFO - Tmp dir root location: /tmp
[2024-03-02T14:35:32.724+0000] {subprocess.py:75} INFO - Running command: ['/usr/bin/bash', '-c', 'zip -r /opt/***/output/data.zip /opt/***/data && mkdir -p /opt/***/output && mv /opt/***/data.zip /opt/***/output/']
[2024-03-02T14:35:32.737+0000] {subprocess.py:86} INFO - Output:
[2024-03-02T14:35:32.739+0000] {subprocess.py:93} INFO - /usr/bin/bash: line 1: zip: command not found
[2024-03-02T14:35:32.739+0000] {subprocess.py:97} INFO - Command exited with return code 127
[2024-03-02T14:35:32.748+0000] {taskinstance.py:2698} ERROR - Task failed with exception
Traceback (most recent call last):
  File "/home/airflow/.local/lib/python3.8/site-packages/airflow/models/taskinstance.py", line 433, in _execute_task
    result = execute_callable(context=context, **execute_callable_kwargs)
  File "/home/airflow/.local/lib/python3.8/site-packages/airflow/operators/bash.py", line 212, in execute
    raise AirflowException(
airflow.exceptions.AirflowException: Bash command failed. The command returned a non-zero exit code 127.
[2024-03-02T14:35:32.751+0000] {taskinstance.py:1138} INFO - Marking task as FAILED. dag_id=task_1_dag, task_id=archive_data, execution_date=20240302T142954, start_date=20240302T143532, end_date=20240302T143532
[2024-03-02T14:35:32.762+0000] {standard_task_runner.py:107} ERROR - Failed to execute job 359 for task archive_data (Bash command failed. The command returned a non-zero exit code 127.; 518)
[2024-03-02T14:35:32.809+0000] {local_task_job_runner.py:234} INFO - Task exited with return code 1
[2024-03-02T14:35:32.826+0000] {taskinstance.py:3280} INFO - 0 downstream tasks scheduled from follow-on schedule check
