[2024-03-09T22:27:38.264+0000] {taskinstance.py:1956} INFO - Dependencies all met for dep_context=non-requeueable deps ti=<TaskInstance: task2dag.data_processing_pipe manual__2024-03-09T22:27:12.112709+00:00 [queued]>
[2024-03-09T22:27:38.272+0000] {taskinstance.py:1956} INFO - Dependencies all met for dep_context=requeueable deps ti=<TaskInstance: task2dag.data_processing_pipe manual__2024-03-09T22:27:12.112709+00:00 [queued]>
[2024-03-09T22:27:38.273+0000] {taskinstance.py:2170} INFO - Starting attempt 1 of 2
[2024-03-09T22:27:38.287+0000] {taskinstance.py:2191} INFO - Executing <Task(PythonOperator): data_processing_pipe> on 2024-03-09 22:27:12.112709+00:00
[2024-03-09T22:27:38.299+0000] {standard_task_runner.py:60} INFO - Started process 1932 to run task
[2024-03-09T22:27:38.303+0000] {standard_task_runner.py:87} INFO - Running: ['***', 'tasks', 'run', 'task2dag', 'data_processing_pipe', 'manual__2024-03-09T22:27:12.112709+00:00', '--job-id', '868', '--raw', '--subdir', 'DAGS_FOLDER/task2dag.py', '--cfg-path', '/tmp/tmpg9nm7rvf']
[2024-03-09T22:27:38.304+0000] {standard_task_runner.py:88} INFO - Job 868: Subtask data_processing_pipe
[2024-03-09T22:27:38.349+0000] {task_command.py:423} INFO - Running <TaskInstance: task2dag.data_processing_pipe manual__2024-03-09T22:27:12.112709+00:00 [running]> on host 9268fe474086
[2024-03-09T22:27:38.426+0000] {taskinstance.py:2480} INFO - Exporting env vars: AIRFLOW_CTX_DAG_OWNER='***' AIRFLOW_CTX_DAG_ID='task2dag' AIRFLOW_CTX_TASK_ID='data_processing_pipe' AIRFLOW_CTX_EXECUTION_DATE='2024-03-09T22:27:12.112709+00:00' AIRFLOW_CTX_TRY_NUMBER='1' AIRFLOW_CTX_DAG_RUN_ID='manual__2024-03-09T22:27:12.112709+00:00'
[2024-03-09T22:27:38.433+0000] {pipeline.py:196} INFO - Missing pipeline option (runner). Executing pipeline using the default runner: DirectRunner.
[2024-03-09T22:27:38.787+0000] {translations.py:712} INFO - ==================== <function annotate_downstream_side_inputs at 0x7fc3956ec5e0> ====================
[2024-03-09T22:27:38.788+0000] {translations.py:712} INFO - ==================== <function fix_side_input_pcoll_coders at 0x7fc3956ec700> ====================
[2024-03-09T22:27:38.788+0000] {translations.py:712} INFO - ==================== <function pack_combiners at 0x7fc3956ecc10> ====================
[2024-03-09T22:27:38.789+0000] {translations.py:712} INFO - ==================== <function lift_combiners at 0x7fc3956ecca0> ====================
[2024-03-09T22:27:38.790+0000] {translations.py:712} INFO - ==================== <function expand_sdf at 0x7fc3956ece50> ====================
[2024-03-09T22:27:38.790+0000] {translations.py:712} INFO - ==================== <function expand_gbk at 0x7fc3956ecee0> ====================
[2024-03-09T22:27:38.791+0000] {translations.py:712} INFO - ==================== <function sink_flattens at 0x7fc3956eb040> ====================
[2024-03-09T22:27:38.791+0000] {translations.py:712} INFO - ==================== <function greedily_fuse at 0x7fc3956eb0d0> ====================
[2024-03-09T22:27:38.793+0000] {translations.py:712} INFO - ==================== <function read_to_impulse at 0x7fc3956eb160> ====================
[2024-03-09T22:27:38.793+0000] {translations.py:712} INFO - ==================== <function impulse_to_input at 0x7fc3956eb1f0> ====================
[2024-03-09T22:27:38.793+0000] {translations.py:712} INFO - ==================== <function sort_stages at 0x7fc3956eb430> ====================
[2024-03-09T22:27:38.794+0000] {translations.py:712} INFO - ==================== <function add_impulse_to_dangling_transforms at 0x7fc3956eb550> ====================
[2024-03-09T22:27:38.794+0000] {translations.py:712} INFO - ==================== <function setup_timer_mapping at 0x7fc3956eb3a0> ====================
[2024-03-09T22:27:38.795+0000] {translations.py:712} INFO - ==================== <function populate_data_channel_coders at 0x7fc3956eb4c0> ====================
[2024-03-09T22:27:38.797+0000] {statecache.py:234} INFO - Creating state cache with size 104857600
[2024-03-09T22:27:38.798+0000] {worker_handlers.py:922} INFO - Created Worker handler <apache_beam.runners.portability.fn_api_runner.worker_handlers.EmbeddedWorkerHandler object at 0x7fc395a7ef40> for environment ref_Environment_default_environment_1 (beam:env:embedded_python:v1, b'')
[2024-03-09T22:28:09.938+0000] {filebasedsink.py:230} WARNING - Deleting 1 existing files in target path matching: 
[2024-03-09T22:28:09.967+0000] {filebasedsink.py:310} INFO - Starting finalize_write threads with num_shards: 1 (skipped: 0), batches: 1, num_threads: 1
[2024-03-09T22:28:09.978+0000] {filebasedsink.py:357} INFO - Renamed 1 shards in 0.01 seconds.
[2024-03-09T22:28:09.990+0000] {python.py:201} INFO - Done. Returned value was: None
[2024-03-09T22:28:10.000+0000] {taskinstance.py:1138} INFO - Marking task as SUCCESS. dag_id=task2dag, task_id=data_processing_pipe, execution_date=20240309T222712, start_date=20240309T222738, end_date=20240309T222810
[2024-03-09T22:28:10.044+0000] {local_task_job_runner.py:234} INFO - Task exited with return code 0
[2024-03-09T22:28:10.070+0000] {taskinstance.py:3280} INFO - 1 downstream tasks scheduled from follow-on schedule check
