[2024-03-03T04:22:20.827+0000] {processor.py:161} INFO - Started process (PID=163) to work on /opt/airflow/dags/check2.py
[2024-03-03T04:22:20.831+0000] {processor.py:830} INFO - Processing file /opt/airflow/dags/check2.py for tasks to queue
[2024-03-03T04:22:20.838+0000] {logging_mixin.py:188} INFO - [2024-03-03T04:22:20.837+0000] {dagbag.py:538} INFO - Filling up the DagBag from /opt/airflow/dags/check2.py
[2024-03-03T04:22:21.306+0000] {processor.py:840} INFO - DAG(s) 'task_1_dag' retrieved from /opt/airflow/dags/check2.py
[2024-03-03T04:22:21.690+0000] {logging_mixin.py:188} INFO - [2024-03-03T04:22:21.689+0000] {dag.py:3036} INFO - Sync 1 DAGs
[2024-03-03T04:22:21.800+0000] {logging_mixin.py:188} INFO - [2024-03-03T04:22:21.799+0000] {dag.py:3823} INFO - Setting next_dagrun for task_1_dag to 2024-03-02 00:00:00+00:00, run_after=2024-03-03 00:00:00+00:00
[2024-03-03T04:22:21.854+0000] {processor.py:183} INFO - Processing /opt/airflow/dags/check2.py took 1.035 seconds
[2024-03-03T04:22:52.198+0000] {processor.py:161} INFO - Started process (PID=227) to work on /opt/airflow/dags/check2.py
[2024-03-03T04:22:52.208+0000] {processor.py:830} INFO - Processing file /opt/airflow/dags/check2.py for tasks to queue
[2024-03-03T04:22:52.224+0000] {logging_mixin.py:188} INFO - [2024-03-03T04:22:52.222+0000] {dagbag.py:538} INFO - Filling up the DagBag from /opt/airflow/dags/check2.py
[2024-03-03T04:22:52.688+0000] {processor.py:840} INFO - DAG(s) 'task_1_dag' retrieved from /opt/airflow/dags/check2.py
[2024-03-03T04:22:52.756+0000] {logging_mixin.py:188} INFO - [2024-03-03T04:22:52.755+0000] {dag.py:3036} INFO - Sync 1 DAGs
[2024-03-03T04:22:52.858+0000] {logging_mixin.py:188} INFO - [2024-03-03T04:22:52.857+0000] {dag.py:3823} INFO - Setting next_dagrun for task_1_dag to 2024-03-03 00:00:00+00:00, run_after=2024-03-04 00:00:00+00:00
[2024-03-03T04:22:52.942+0000] {processor.py:183} INFO - Processing /opt/airflow/dags/check2.py took 0.829 seconds
[2024-03-03T04:23:23.148+0000] {processor.py:161} INFO - Started process (PID=286) to work on /opt/airflow/dags/check2.py
[2024-03-03T04:23:23.150+0000] {processor.py:830} INFO - Processing file /opt/airflow/dags/check2.py for tasks to queue
[2024-03-03T04:23:23.153+0000] {logging_mixin.py:188} INFO - [2024-03-03T04:23:23.153+0000] {dagbag.py:538} INFO - Filling up the DagBag from /opt/airflow/dags/check2.py
[2024-03-03T04:23:23.383+0000] {processor.py:840} INFO - DAG(s) 'task_1_dag' retrieved from /opt/airflow/dags/check2.py
[2024-03-03T04:23:23.424+0000] {logging_mixin.py:188} INFO - [2024-03-03T04:23:23.423+0000] {dag.py:3036} INFO - Sync 1 DAGs
[2024-03-03T04:23:23.464+0000] {logging_mixin.py:188} INFO - [2024-03-03T04:23:23.464+0000] {dag.py:3823} INFO - Setting next_dagrun for task_1_dag to 2024-03-03 00:00:00+00:00, run_after=2024-03-04 00:00:00+00:00
[2024-03-03T04:23:23.496+0000] {processor.py:183} INFO - Processing /opt/airflow/dags/check2.py took 0.353 seconds
[2024-03-03T04:23:54.190+0000] {processor.py:161} INFO - Started process (PID=343) to work on /opt/airflow/dags/check2.py
[2024-03-03T04:23:54.193+0000] {processor.py:830} INFO - Processing file /opt/airflow/dags/check2.py for tasks to queue
[2024-03-03T04:23:54.197+0000] {logging_mixin.py:188} INFO - [2024-03-03T04:23:54.197+0000] {dagbag.py:538} INFO - Filling up the DagBag from /opt/airflow/dags/check2.py
[2024-03-03T04:23:54.475+0000] {processor.py:840} INFO - DAG(s) 'task_1_dag' retrieved from /opt/airflow/dags/check2.py
[2024-03-03T04:23:54.517+0000] {logging_mixin.py:188} INFO - [2024-03-03T04:23:54.516+0000] {dag.py:3036} INFO - Sync 1 DAGs
[2024-03-03T04:23:54.590+0000] {logging_mixin.py:188} INFO - [2024-03-03T04:23:54.589+0000] {dag.py:3823} INFO - Setting next_dagrun for task_1_dag to 2024-03-03 00:00:00+00:00, run_after=2024-03-04 00:00:00+00:00
[2024-03-03T04:23:54.635+0000] {processor.py:183} INFO - Processing /opt/airflow/dags/check2.py took 0.452 seconds
[2024-03-03T04:24:24.991+0000] {processor.py:161} INFO - Started process (PID=401) to work on /opt/airflow/dags/check2.py
[2024-03-03T04:24:24.993+0000] {processor.py:830} INFO - Processing file /opt/airflow/dags/check2.py for tasks to queue
[2024-03-03T04:24:24.997+0000] {logging_mixin.py:188} INFO - [2024-03-03T04:24:24.997+0000] {dagbag.py:538} INFO - Filling up the DagBag from /opt/airflow/dags/check2.py
[2024-03-03T04:24:25.218+0000] {processor.py:840} INFO - DAG(s) 'task_1_dag' retrieved from /opt/airflow/dags/check2.py
[2024-03-03T04:24:25.257+0000] {logging_mixin.py:188} INFO - [2024-03-03T04:24:25.255+0000] {dag.py:3036} INFO - Sync 1 DAGs
[2024-03-03T04:24:25.305+0000] {logging_mixin.py:188} INFO - [2024-03-03T04:24:25.305+0000] {dag.py:3823} INFO - Setting next_dagrun for task_1_dag to 2024-03-03 00:00:00+00:00, run_after=2024-03-04 00:00:00+00:00
[2024-03-03T04:24:25.342+0000] {processor.py:183} INFO - Processing /opt/airflow/dags/check2.py took 0.358 seconds
[2024-03-03T04:24:55.431+0000] {processor.py:161} INFO - Started process (PID=459) to work on /opt/airflow/dags/check2.py
[2024-03-03T04:24:55.434+0000] {processor.py:830} INFO - Processing file /opt/airflow/dags/check2.py for tasks to queue
[2024-03-03T04:24:55.438+0000] {logging_mixin.py:188} INFO - [2024-03-03T04:24:55.437+0000] {dagbag.py:538} INFO - Filling up the DagBag from /opt/airflow/dags/check2.py
[2024-03-03T04:24:55.688+0000] {processor.py:840} INFO - DAG(s) 'task_1_dag' retrieved from /opt/airflow/dags/check2.py
[2024-03-03T04:24:55.730+0000] {logging_mixin.py:188} INFO - [2024-03-03T04:24:55.729+0000] {dag.py:3036} INFO - Sync 1 DAGs
[2024-03-03T04:24:55.775+0000] {logging_mixin.py:188} INFO - [2024-03-03T04:24:55.775+0000] {dag.py:3823} INFO - Setting next_dagrun for task_1_dag to 2024-03-03 00:00:00+00:00, run_after=2024-03-04 00:00:00+00:00
[2024-03-03T04:24:55.812+0000] {processor.py:183} INFO - Processing /opt/airflow/dags/check2.py took 0.388 seconds
[2024-03-03T04:25:25.969+0000] {processor.py:161} INFO - Started process (PID=518) to work on /opt/airflow/dags/check2.py
[2024-03-03T04:25:25.971+0000] {processor.py:830} INFO - Processing file /opt/airflow/dags/check2.py for tasks to queue
[2024-03-03T04:25:25.974+0000] {logging_mixin.py:188} INFO - [2024-03-03T04:25:25.973+0000] {dagbag.py:538} INFO - Filling up the DagBag from /opt/airflow/dags/check2.py
[2024-03-03T04:25:26.185+0000] {processor.py:840} INFO - DAG(s) 'task_1_dag' retrieved from /opt/airflow/dags/check2.py
[2024-03-03T04:25:26.372+0000] {logging_mixin.py:188} INFO - [2024-03-03T04:25:26.371+0000] {dag.py:3036} INFO - Sync 1 DAGs
[2024-03-03T04:25:26.392+0000] {logging_mixin.py:188} INFO - [2024-03-03T04:25:26.391+0000] {dag.py:3058} INFO - Creating ORM DAG for task_1_dag
[2024-03-03T04:25:26.615+0000] {logging_mixin.py:188} INFO - [2024-03-03T04:25:26.615+0000] {dag.py:3823} INFO - Setting next_dagrun for task_1_dag to 2024-03-02 00:00:00+00:00, run_after=2024-03-03 00:00:00+00:00
[2024-03-03T04:25:26.656+0000] {processor.py:183} INFO - Processing /opt/airflow/dags/check2.py took 0.691 seconds
[2024-03-03T04:25:56.916+0000] {processor.py:161} INFO - Started process (PID=578) to work on /opt/airflow/dags/check2.py
[2024-03-03T04:25:56.918+0000] {processor.py:830} INFO - Processing file /opt/airflow/dags/check2.py for tasks to queue
[2024-03-03T04:25:56.922+0000] {logging_mixin.py:188} INFO - [2024-03-03T04:25:56.922+0000] {dagbag.py:538} INFO - Filling up the DagBag from /opt/airflow/dags/check2.py
[2024-03-03T04:25:57.165+0000] {processor.py:840} INFO - DAG(s) 'task_1_dag' retrieved from /opt/airflow/dags/check2.py
[2024-03-03T04:25:57.210+0000] {logging_mixin.py:188} INFO - [2024-03-03T04:25:57.209+0000] {dag.py:3036} INFO - Sync 1 DAGs
[2024-03-03T04:25:57.266+0000] {logging_mixin.py:188} INFO - [2024-03-03T04:25:57.265+0000] {dag.py:3823} INFO - Setting next_dagrun for task_1_dag to 2024-03-02 00:00:00+00:00, run_after=2024-03-03 00:00:00+00:00
[2024-03-03T04:25:57.313+0000] {processor.py:183} INFO - Processing /opt/airflow/dags/check2.py took 0.405 seconds
[2024-03-03T04:27:20.777+0000] {processor.py:161} INFO - Started process (PID=741) to work on /opt/airflow/dags/check2.py
[2024-03-03T04:27:20.780+0000] {processor.py:830} INFO - Processing file /opt/airflow/dags/check2.py for tasks to queue
[2024-03-03T04:27:20.783+0000] {logging_mixin.py:188} INFO - [2024-03-03T04:27:20.782+0000] {dagbag.py:538} INFO - Filling up the DagBag from /opt/airflow/dags/check2.py
[2024-03-03T04:27:20.818+0000] {logging_mixin.py:188} INFO - [2024-03-03T04:27:20.815+0000] {dagbag.py:348} ERROR - Failed to import: /opt/airflow/dags/check2.py
Traceback (most recent call last):
  File "/home/airflow/.local/lib/python3.8/site-packages/airflow/models/dagbag.py", line 344, in parse
    loader.exec_module(new_module)
  File "<frozen importlib._bootstrap_external>", line 839, in exec_module
  File "<frozen importlib._bootstrap_external>", line 976, in get_code
  File "<frozen importlib._bootstrap_external>", line 906, in source_to_code
  File "<frozen importlib._bootstrap>", line 219, in _call_with_frames_removed
  File "/opt/airflow/dags/check2.py", line 19
    table = soup.find('table')
    ^
SyntaxError: invalid syntax
[2024-03-03T04:27:20.820+0000] {processor.py:842} WARNING - No viable dags retrieved from /opt/airflow/dags/check2.py
[2024-03-03T04:27:20.859+0000] {processor.py:183} INFO - Processing /opt/airflow/dags/check2.py took 0.089 seconds
[2024-03-03T04:27:50.953+0000] {processor.py:161} INFO - Started process (PID=799) to work on /opt/airflow/dags/check2.py
[2024-03-03T04:27:50.954+0000] {processor.py:830} INFO - Processing file /opt/airflow/dags/check2.py for tasks to queue
[2024-03-03T04:27:50.956+0000] {logging_mixin.py:188} INFO - [2024-03-03T04:27:50.956+0000] {dagbag.py:538} INFO - Filling up the DagBag from /opt/airflow/dags/check2.py
[2024-03-03T04:27:50.985+0000] {logging_mixin.py:188} INFO - [2024-03-03T04:27:50.983+0000] {dagbag.py:348} ERROR - Failed to import: /opt/airflow/dags/check2.py
Traceback (most recent call last):
  File "/home/airflow/.local/lib/python3.8/site-packages/airflow/models/dagbag.py", line 344, in parse
    loader.exec_module(new_module)
  File "<frozen importlib._bootstrap_external>", line 839, in exec_module
  File "<frozen importlib._bootstrap_external>", line 976, in get_code
  File "<frozen importlib._bootstrap_external>", line 906, in source_to_code
  File "<frozen importlib._bootstrap>", line 219, in _call_with_frames_removed
  File "/opt/airflow/dags/check2.py", line 19
    table = soup.find('table')
    ^
SyntaxError: invalid syntax
[2024-03-03T04:27:50.986+0000] {processor.py:842} WARNING - No viable dags retrieved from /opt/airflow/dags/check2.py
[2024-03-03T04:27:51.033+0000] {processor.py:183} INFO - Processing /opt/airflow/dags/check2.py took 0.085 seconds
[2024-03-03T04:28:21.372+0000] {processor.py:161} INFO - Started process (PID=858) to work on /opt/airflow/dags/check2.py
[2024-03-03T04:28:21.374+0000] {processor.py:830} INFO - Processing file /opt/airflow/dags/check2.py for tasks to queue
[2024-03-03T04:28:21.376+0000] {logging_mixin.py:188} INFO - [2024-03-03T04:28:21.375+0000] {dagbag.py:538} INFO - Filling up the DagBag from /opt/airflow/dags/check2.py
[2024-03-03T04:28:21.400+0000] {logging_mixin.py:188} INFO - [2024-03-03T04:28:21.399+0000] {dagbag.py:348} ERROR - Failed to import: /opt/airflow/dags/check2.py
Traceback (most recent call last):
  File "/home/airflow/.local/lib/python3.8/site-packages/airflow/models/dagbag.py", line 344, in parse
    loader.exec_module(new_module)
  File "<frozen importlib._bootstrap_external>", line 839, in exec_module
  File "<frozen importlib._bootstrap_external>", line 976, in get_code
  File "<frozen importlib._bootstrap_external>", line 906, in source_to_code
  File "<frozen importlib._bootstrap>", line 219, in _call_with_frames_removed
  File "/opt/airflow/dags/check2.py", line 19
    table = soup.find('table')
    ^
SyntaxError: invalid syntax
[2024-03-03T04:28:21.401+0000] {processor.py:842} WARNING - No viable dags retrieved from /opt/airflow/dags/check2.py
[2024-03-03T04:28:21.430+0000] {processor.py:183} INFO - Processing /opt/airflow/dags/check2.py took 0.062 seconds
