[2024-03-09T21:09:19.345+0000] {taskinstance.py:1956} INFO - Dependencies all met for dep_context=non-requeueable deps ti=<TaskInstance: task2dag.data_processing_pipe manual__2024-03-09T21:08:52.809179+00:00 [queued]>
[2024-03-09T21:09:19.356+0000] {taskinstance.py:1956} INFO - Dependencies all met for dep_context=requeueable deps ti=<TaskInstance: task2dag.data_processing_pipe manual__2024-03-09T21:08:52.809179+00:00 [queued]>
[2024-03-09T21:09:19.357+0000] {taskinstance.py:2170} INFO - Starting attempt 1 of 2
[2024-03-09T21:09:19.379+0000] {taskinstance.py:2191} INFO - Executing <Task(PythonOperator): data_processing_pipe> on 2024-03-09 21:08:52.809179+00:00
[2024-03-09T21:09:19.389+0000] {standard_task_runner.py:60} INFO - Started process 429 to run task
[2024-03-09T21:09:19.394+0000] {standard_task_runner.py:87} INFO - Running: ['***', 'tasks', 'run', 'task2dag', 'data_processing_pipe', 'manual__2024-03-09T21:08:52.809179+00:00', '--job-id', '800', '--raw', '--subdir', 'DAGS_FOLDER/task2dag.py', '--cfg-path', '/tmp/tmpt3855pgu']
[2024-03-09T21:09:19.395+0000] {standard_task_runner.py:88} INFO - Job 800: Subtask data_processing_pipe
[2024-03-09T21:09:19.441+0000] {task_command.py:423} INFO - Running <TaskInstance: task2dag.data_processing_pipe manual__2024-03-09T21:08:52.809179+00:00 [running]> on host 9268fe474086
[2024-03-09T21:09:19.532+0000] {taskinstance.py:2480} INFO - Exporting env vars: AIRFLOW_CTX_DAG_OWNER='***' AIRFLOW_CTX_DAG_ID='task2dag' AIRFLOW_CTX_TASK_ID='data_processing_pipe' AIRFLOW_CTX_EXECUTION_DATE='2024-03-09T21:08:52.809179+00:00' AIRFLOW_CTX_TRY_NUMBER='1' AIRFLOW_CTX_DAG_RUN_ID='manual__2024-03-09T21:08:52.809179+00:00'
[2024-03-09T21:09:19.538+0000] {pipeline.py:196} INFO - Missing pipeline option (runner). Executing pipeline using the default runner: DirectRunner.
[2024-03-09T21:09:19.904+0000] {translations.py:712} INFO - ==================== <function annotate_downstream_side_inputs at 0x7fc395717d30> ====================
[2024-03-09T21:09:19.905+0000] {translations.py:712} INFO - ==================== <function fix_side_input_pcoll_coders at 0x7fc395717e50> ====================
[2024-03-09T21:09:19.906+0000] {translations.py:712} INFO - ==================== <function pack_combiners at 0x7fc3957163a0> ====================
[2024-03-09T21:09:19.906+0000] {translations.py:712} INFO - ==================== <function lift_combiners at 0x7fc395716430> ====================
[2024-03-09T21:09:19.907+0000] {translations.py:712} INFO - ==================== <function expand_sdf at 0x7fc3957165e0> ====================
[2024-03-09T21:09:19.907+0000] {translations.py:712} INFO - ==================== <function expand_gbk at 0x7fc395716670> ====================
[2024-03-09T21:09:19.908+0000] {translations.py:712} INFO - ==================== <function sink_flattens at 0x7fc395716790> ====================
[2024-03-09T21:09:19.908+0000] {translations.py:712} INFO - ==================== <function greedily_fuse at 0x7fc395716820> ====================
[2024-03-09T21:09:19.911+0000] {translations.py:712} INFO - ==================== <function read_to_impulse at 0x7fc3957168b0> ====================
[2024-03-09T21:09:19.911+0000] {translations.py:712} INFO - ==================== <function impulse_to_input at 0x7fc395716940> ====================
[2024-03-09T21:09:19.912+0000] {translations.py:712} INFO - ==================== <function sort_stages at 0x7fc395716b80> ====================
[2024-03-09T21:09:19.913+0000] {translations.py:712} INFO - ==================== <function add_impulse_to_dangling_transforms at 0x7fc395716ca0> ====================
[2024-03-09T21:09:19.913+0000] {translations.py:712} INFO - ==================== <function setup_timer_mapping at 0x7fc395716af0> ====================
[2024-03-09T21:09:19.914+0000] {translations.py:712} INFO - ==================== <function populate_data_channel_coders at 0x7fc395716c10> ====================
[2024-03-09T21:09:19.917+0000] {statecache.py:234} INFO - Creating state cache with size 104857600
[2024-03-09T21:09:19.918+0000] {worker_handlers.py:922} INFO - Created Worker handler <apache_beam.runners.portability.fn_api_runner.worker_handlers.EmbeddedWorkerHandler object at 0x7fc39560cb50> for environment ref_Environment_default_environment_1 (beam:env:embedded_python:v1, b'')
[2024-03-09T21:09:20.056+0000] {filebasedsink.py:230} WARNING - Deleting 1 existing files in target path matching: 
[2024-03-09T21:09:20.098+0000] {filebasedsink.py:310} INFO - Starting finalize_write threads with num_shards: 1 (skipped: 0), batches: 1, num_threads: 1
[2024-03-09T21:09:20.112+0000] {filebasedsink.py:357} INFO - Renamed 1 shards in 0.01 seconds.
[2024-03-09T21:09:20.131+0000] {python.py:201} INFO - Done. Returned value was: None
[2024-03-09T21:09:20.144+0000] {taskinstance.py:1138} INFO - Marking task as SUCCESS. dag_id=task2dag, task_id=data_processing_pipe, execution_date=20240309T210852, start_date=20240309T210919, end_date=20240309T210920
[2024-03-09T21:09:20.207+0000] {local_task_job_runner.py:234} INFO - Task exited with return code 0
[2024-03-09T21:09:20.240+0000] {taskinstance.py:3280} INFO - 1 downstream tasks scheduled from follow-on schedule check
