[2024-03-02T14:34:25.761+0000] {taskinstance.py:1956} INFO - Dependencies all met for dep_context=non-requeueable deps ti=<TaskInstance: task_1_dag.archive_data manual__2024-03-02T14:15:52.667957+00:00 [queued]>
[2024-03-02T14:34:25.770+0000] {taskinstance.py:1956} INFO - Dependencies all met for dep_context=requeueable deps ti=<TaskInstance: task_1_dag.archive_data manual__2024-03-02T14:15:52.667957+00:00 [queued]>
[2024-03-02T14:34:25.771+0000] {taskinstance.py:2170} INFO - Starting attempt 3 of 4
[2024-03-02T14:34:25.783+0000] {taskinstance.py:2191} INFO - Executing <Task(BashOperator): archive_data> on 2024-03-02 14:15:52.667957+00:00
[2024-03-02T14:34:25.790+0000] {standard_task_runner.py:60} INFO - Started process 489 to run task
[2024-03-02T14:34:25.792+0000] {standard_task_runner.py:87} INFO - Running: ['***', 'tasks', 'run', 'task_1_dag', 'archive_data', 'manual__2024-03-02T14:15:52.667957+00:00', '--job-id', '358', '--raw', '--subdir', 'DAGS_FOLDER/check2.py', '--cfg-path', '/tmp/tmpuim7pgnq']
[2024-03-02T14:34:25.794+0000] {standard_task_runner.py:88} INFO - Job 358: Subtask archive_data
[2024-03-02T14:34:25.835+0000] {task_command.py:423} INFO - Running <TaskInstance: task_1_dag.archive_data manual__2024-03-02T14:15:52.667957+00:00 [running]> on host 64d00280a601
[2024-03-02T14:34:25.904+0000] {taskinstance.py:2480} INFO - Exporting env vars: AIRFLOW_CTX_DAG_OWNER='***' AIRFLOW_CTX_DAG_ID='task_1_dag' AIRFLOW_CTX_TASK_ID='archive_data' AIRFLOW_CTX_EXECUTION_DATE='2024-03-02T14:15:52.667957+00:00' AIRFLOW_CTX_TRY_NUMBER='3' AIRFLOW_CTX_DAG_RUN_ID='manual__2024-03-02T14:15:52.667957+00:00'
[2024-03-02T14:34:25.907+0000] {subprocess.py:63} INFO - Tmp dir root location: /tmp
[2024-03-02T14:34:25.908+0000] {subprocess.py:75} INFO - Running command: ['/usr/bin/bash', '-c', 'zip -r /opt/***/output/data.zip /opt/***/data && mkdir -p /opt/***/output && mv /opt/***/data.zip /opt/***/output/']
[2024-03-02T14:34:25.919+0000] {subprocess.py:86} INFO - Output:
[2024-03-02T14:34:25.920+0000] {subprocess.py:93} INFO - /usr/bin/bash: line 1: zip: command not found
[2024-03-02T14:34:25.921+0000] {subprocess.py:97} INFO - Command exited with return code 127
[2024-03-02T14:34:25.931+0000] {taskinstance.py:2698} ERROR - Task failed with exception
Traceback (most recent call last):
  File "/home/airflow/.local/lib/python3.8/site-packages/airflow/models/taskinstance.py", line 433, in _execute_task
    result = execute_callable(context=context, **execute_callable_kwargs)
  File "/home/airflow/.local/lib/python3.8/site-packages/airflow/operators/bash.py", line 212, in execute
    raise AirflowException(
airflow.exceptions.AirflowException: Bash command failed. The command returned a non-zero exit code 127.
[2024-03-02T14:34:25.934+0000] {taskinstance.py:1138} INFO - Marking task as UP_FOR_RETRY. dag_id=task_1_dag, task_id=archive_data, execution_date=20240302T141552, start_date=20240302T143425, end_date=20240302T143425
[2024-03-02T14:34:25.945+0000] {standard_task_runner.py:107} ERROR - Failed to execute job 358 for task archive_data (Bash command failed. The command returned a non-zero exit code 127.; 489)
[2024-03-02T14:34:25.965+0000] {local_task_job_runner.py:234} INFO - Task exited with return code 1
[2024-03-02T14:34:25.981+0000] {taskinstance.py:3280} INFO - 0 downstream tasks scheduled from follow-on schedule check
