[2024-03-02T14:21:28.238+0000] {taskinstance.py:1956} INFO - Dependencies all met for dep_context=non-requeueable deps ti=<TaskInstance: task_1_dag.archive_data manual__2024-03-02T14:15:52.667957+00:00 [queued]>
[2024-03-02T14:21:28.245+0000] {taskinstance.py:1956} INFO - Dependencies all met for dep_context=requeueable deps ti=<TaskInstance: task_1_dag.archive_data manual__2024-03-02T14:15:52.667957+00:00 [queued]>
[2024-03-02T14:21:28.246+0000] {taskinstance.py:2170} INFO - Starting attempt 2 of 2
[2024-03-02T14:21:28.257+0000] {taskinstance.py:2191} INFO - Executing <Task(BashOperator): archive_data> on 2024-03-02 14:15:52.667957+00:00
[2024-03-02T14:21:28.265+0000] {standard_task_runner.py:60} INFO - Started process 274 to run task
[2024-03-02T14:21:28.267+0000] {standard_task_runner.py:87} INFO - Running: ['***', 'tasks', 'run', 'task_1_dag', 'archive_data', 'manual__2024-03-02T14:15:52.667957+00:00', '--job-id', '352', '--raw', '--subdir', 'DAGS_FOLDER/check2.py', '--cfg-path', '/tmp/tmpe2t2f3s6']
[2024-03-02T14:21:28.269+0000] {standard_task_runner.py:88} INFO - Job 352: Subtask archive_data
[2024-03-02T14:21:28.306+0000] {task_command.py:423} INFO - Running <TaskInstance: task_1_dag.archive_data manual__2024-03-02T14:15:52.667957+00:00 [running]> on host 64d00280a601
[2024-03-02T14:21:28.371+0000] {taskinstance.py:2480} INFO - Exporting env vars: AIRFLOW_CTX_DAG_OWNER='***' AIRFLOW_CTX_DAG_ID='task_1_dag' AIRFLOW_CTX_TASK_ID='archive_data' AIRFLOW_CTX_EXECUTION_DATE='2024-03-02T14:15:52.667957+00:00' AIRFLOW_CTX_TRY_NUMBER='2' AIRFLOW_CTX_DAG_RUN_ID='manual__2024-03-02T14:15:52.667957+00:00'
[2024-03-02T14:21:28.373+0000] {subprocess.py:63} INFO - Tmp dir root location: /tmp
[2024-03-02T14:21:28.374+0000] {subprocess.py:75} INFO - Running command: ['/usr/bin/bash', '-c', 'mkdir -p /opt/***/output && zip -r /opt/***/output/data.zip /opt/***/data']
[2024-03-02T14:21:28.387+0000] {subprocess.py:86} INFO - Output:
[2024-03-02T14:21:28.390+0000] {subprocess.py:93} INFO - /usr/bin/bash: line 1: zip: command not found
[2024-03-02T14:21:28.391+0000] {subprocess.py:97} INFO - Command exited with return code 127
[2024-03-02T14:21:28.400+0000] {taskinstance.py:2698} ERROR - Task failed with exception
Traceback (most recent call last):
  File "/home/airflow/.local/lib/python3.8/site-packages/airflow/models/taskinstance.py", line 433, in _execute_task
    result = execute_callable(context=context, **execute_callable_kwargs)
  File "/home/airflow/.local/lib/python3.8/site-packages/airflow/operators/bash.py", line 212, in execute
    raise AirflowException(
airflow.exceptions.AirflowException: Bash command failed. The command returned a non-zero exit code 127.
[2024-03-02T14:21:28.403+0000] {taskinstance.py:1138} INFO - Marking task as FAILED. dag_id=task_1_dag, task_id=archive_data, execution_date=20240302T141552, start_date=20240302T142128, end_date=20240302T142128
[2024-03-02T14:21:28.413+0000] {standard_task_runner.py:107} ERROR - Failed to execute job 352 for task archive_data (Bash command failed. The command returned a non-zero exit code 127.; 274)
[2024-03-02T14:21:28.440+0000] {local_task_job_runner.py:234} INFO - Task exited with return code 1
[2024-03-02T14:21:28.455+0000] {taskinstance.py:3280} INFO - 0 downstream tasks scheduled from follow-on schedule check
