[2024-03-01T20:33:31.209+0000] {taskinstance.py:1956} INFO - Dependencies all met for dep_context=non-requeueable deps ti=<TaskInstance: with_bash.first_task scheduled__2024-02-29T00:00:00+00:00 [queued]>
[2024-03-01T20:33:31.219+0000] {taskinstance.py:1956} INFO - Dependencies all met for dep_context=requeueable deps ti=<TaskInstance: with_bash.first_task scheduled__2024-02-29T00:00:00+00:00 [queued]>
[2024-03-01T20:33:31.220+0000] {taskinstance.py:2170} INFO - Starting attempt 1 of 6
[2024-03-01T20:33:31.235+0000] {taskinstance.py:2191} INFO - Executing <Task(BashOperator): first_task> on 2024-02-29 00:00:00+00:00
[2024-03-01T20:33:31.244+0000] {standard_task_runner.py:60} INFO - Started process 85 to run task
[2024-03-01T20:33:31.247+0000] {standard_task_runner.py:87} INFO - Running: ['***', 'tasks', 'run', 'with_bash', 'first_task', 'scheduled__2024-02-29T00:00:00+00:00', '--job-id', '104', '--raw', '--subdir', 'DAGS_FOLDER/with_bash.py', '--cfg-path', '/tmp/tmpoas5dtqq']
[2024-03-01T20:33:31.249+0000] {standard_task_runner.py:88} INFO - Job 104: Subtask first_task
[2024-03-01T20:33:31.302+0000] {task_command.py:423} INFO - Running <TaskInstance: with_bash.first_task scheduled__2024-02-29T00:00:00+00:00 [running]> on host 6a4f9e6ed399
[2024-03-01T20:33:31.384+0000] {taskinstance.py:2480} INFO - Exporting env vars: AIRFLOW_CTX_DAG_OWNER='***' AIRFLOW_CTX_DAG_ID='with_bash' AIRFLOW_CTX_TASK_ID='first_task' AIRFLOW_CTX_EXECUTION_DATE='2024-02-29T00:00:00+00:00' AIRFLOW_CTX_TRY_NUMBER='1' AIRFLOW_CTX_DAG_RUN_ID='scheduled__2024-02-29T00:00:00+00:00'
[2024-03-01T20:33:31.388+0000] {subprocess.py:63} INFO - Tmp dir root location: /tmp
[2024-03-01T20:33:31.389+0000] {subprocess.py:75} INFO - Running command: ['/usr/bin/bash', '-c', 'Hello World']
[2024-03-01T20:33:31.409+0000] {subprocess.py:86} INFO - Output:
[2024-03-01T20:33:31.412+0000] {subprocess.py:93} INFO - /usr/bin/bash: line 1: Hello: command not found
[2024-03-01T20:33:31.413+0000] {subprocess.py:97} INFO - Command exited with return code 127
[2024-03-01T20:33:31.425+0000] {taskinstance.py:2698} ERROR - Task failed with exception
Traceback (most recent call last):
  File "/home/airflow/.local/lib/python3.8/site-packages/airflow/models/taskinstance.py", line 433, in _execute_task
    result = execute_callable(context=context, **execute_callable_kwargs)
  File "/home/airflow/.local/lib/python3.8/site-packages/airflow/operators/bash.py", line 212, in execute
    raise AirflowException(
airflow.exceptions.AirflowException: Bash command failed. The command returned a non-zero exit code 127.
[2024-03-01T20:33:31.431+0000] {taskinstance.py:1138} INFO - Marking task as UP_FOR_RETRY. dag_id=with_bash, task_id=first_task, execution_date=20240229T000000, start_date=20240301T203331, end_date=20240301T203331
[2024-03-01T20:33:31.447+0000] {standard_task_runner.py:107} ERROR - Failed to execute job 104 for task first_task (Bash command failed. The command returned a non-zero exit code 127.; 85)
[2024-03-01T20:33:31.502+0000] {local_task_job_runner.py:234} INFO - Task exited with return code 1
[2024-03-01T20:33:31.534+0000] {taskinstance.py:3280} INFO - 0 downstream tasks scheduled from follow-on schedule check
[2024-03-01T20:36:53.636+0000] {taskinstance.py:1956} INFO - Dependencies all met for dep_context=non-requeueable deps ti=<TaskInstance: with_bash.first_task scheduled__2024-02-29T00:00:00+00:00 [queued]>
[2024-03-01T20:36:53.644+0000] {taskinstance.py:1956} INFO - Dependencies all met for dep_context=requeueable deps ti=<TaskInstance: with_bash.first_task scheduled__2024-02-29T00:00:00+00:00 [queued]>
[2024-03-01T20:36:53.644+0000] {taskinstance.py:2170} INFO - Starting attempt 1 of 6
[2024-03-01T20:36:53.657+0000] {taskinstance.py:2191} INFO - Executing <Task(BashOperator): first_task> on 2024-02-29 00:00:00+00:00
[2024-03-01T20:36:53.662+0000] {standard_task_runner.py:60} INFO - Started process 195 to run task
[2024-03-01T20:36:53.667+0000] {standard_task_runner.py:87} INFO - Running: ['***', 'tasks', 'run', 'with_bash', 'first_task', 'scheduled__2024-02-29T00:00:00+00:00', '--job-id', '120', '--raw', '--subdir', 'DAGS_FOLDER/with_bash.py', '--cfg-path', '/tmp/tmp9xpyic3c']
[2024-03-01T20:36:53.669+0000] {standard_task_runner.py:88} INFO - Job 120: Subtask first_task
[2024-03-01T20:36:53.716+0000] {task_command.py:423} INFO - Running <TaskInstance: with_bash.first_task scheduled__2024-02-29T00:00:00+00:00 [running]> on host 6a4f9e6ed399
[2024-03-01T20:36:53.779+0000] {taskinstance.py:2480} INFO - Exporting env vars: AIRFLOW_CTX_DAG_OWNER='***' AIRFLOW_CTX_DAG_ID='with_bash' AIRFLOW_CTX_TASK_ID='first_task' AIRFLOW_CTX_EXECUTION_DATE='2024-02-29T00:00:00+00:00' AIRFLOW_CTX_TRY_NUMBER='1' AIRFLOW_CTX_DAG_RUN_ID='scheduled__2024-02-29T00:00:00+00:00'
[2024-03-01T20:36:53.782+0000] {subprocess.py:63} INFO - Tmp dir root location: /tmp
[2024-03-01T20:36:53.782+0000] {subprocess.py:75} INFO - Running command: ['/usr/bin/bash', '-c', 'Hello World']
[2024-03-01T20:36:53.794+0000] {subprocess.py:86} INFO - Output:
[2024-03-01T20:36:53.795+0000] {subprocess.py:93} INFO - /usr/bin/bash: line 1: Hello: command not found
[2024-03-01T20:36:53.796+0000] {subprocess.py:97} INFO - Command exited with return code 127
[2024-03-01T20:36:53.806+0000] {taskinstance.py:2698} ERROR - Task failed with exception
Traceback (most recent call last):
  File "/home/airflow/.local/lib/python3.8/site-packages/airflow/models/taskinstance.py", line 433, in _execute_task
    result = execute_callable(context=context, **execute_callable_kwargs)
  File "/home/airflow/.local/lib/python3.8/site-packages/airflow/operators/bash.py", line 212, in execute
    raise AirflowException(
airflow.exceptions.AirflowException: Bash command failed. The command returned a non-zero exit code 127.
[2024-03-01T20:36:53.809+0000] {taskinstance.py:1138} INFO - Marking task as UP_FOR_RETRY. dag_id=with_bash, task_id=first_task, execution_date=20240229T000000, start_date=20240301T203653, end_date=20240301T203653
[2024-03-01T20:36:53.820+0000] {standard_task_runner.py:107} ERROR - Failed to execute job 120 for task first_task (Bash command failed. The command returned a non-zero exit code 127.; 195)
[2024-03-01T20:36:53.838+0000] {local_task_job_runner.py:234} INFO - Task exited with return code 1
[2024-03-01T20:36:53.854+0000] {taskinstance.py:3280} INFO - 0 downstream tasks scheduled from follow-on schedule check
